<?xml version="1.0" encoding="utf-8"?>
<!DOCTYPE coverage SYSTEM "http://cobertura.sourceforge.net/xml/coverage-04.dtd">
<coverage line-rate="0.995249406175772" branch-rate="0.8680555555555556" lines-covered="419" lines-valid="421" branches-covered="125" branches-valid="144" complexity="122" version="0" timestamp="1626975044">
  <sources />
  <packages>
    <package name="Poker" line-rate="0.9926739926739927" branch-rate="0.8680555555555556" complexity="97">
      <classes>
        <class name="Poker.Carta" filename="C:\Users\erik0\source\repos\Poker.Dominio\Poker\Carta.cs" line-rate="1" branch-rate="1" complexity="NaN">
          <methods>
            <method name=".ctor" signature="(System.String)" line-rate="1" branch-rate="1" complexity="NaN">
              <lines>
                <line number="14" hits="186" branch="false" />
                <line number="15" hits="186" branch="false" />
                <line number="16" hits="186" branch="false" />
                <line number="17" hits="186" branch="false" />
                <line number="18" hits="186" branch="false" />
              </lines>
            </method>
          </methods>
          <lines>
            <line number="14" hits="186" branch="false" />
            <line number="15" hits="186" branch="false" />
            <line number="16" hits="186" branch="false" />
            <line number="17" hits="186" branch="false" />
            <line number="18" hits="186" branch="false" />
          </lines>
        </class>
        <class name="Poker.Jogador" filename="C:\Users\erik0\source\repos\Poker.Dominio\Poker\Jogador.cs" line-rate="0.9947368421052631" branch-rate="0.85" complexity="33">
          <methods>
            <method name=".ctor" signature="(System.String)" line-rate="1" branch-rate="1" complexity="NaN">
              <lines>
                <line number="13" hits="37" branch="false" />
                <line number="14" hits="37" branch="false" />
                <line number="15" hits="37" branch="false" />
                <line number="16" hits="481" branch="false" />
                <line number="17" hits="185" branch="false" />
                <line number="18" hits="185" branch="false" />
                <line number="19" hits="185" branch="false" />
                <line number="20" hits="185" branch="false" />
                <line number="22" hits="37" branch="false" />
                <line number="23" hits="37" branch="false" />
              </lines>
            </method>
            <method name="CalcularValor" signature="(System.String)" line-rate="0.9411764705882353" branch-rate="0.7" complexity="NaN">
              <lines>
                <line number="25" hits="978" branch="false" />
                <line number="26" hits="978" branch="true" condition-coverage="70% (42/60)" />
                <line number="29" hits="65" branch="false" />
                <line number="31" hits="43" branch="false" />
                <line number="33" hits="81" branch="false" />
                <line number="35" hits="31" branch="false" />
                <line number="37" hits="100" branch="false" />
                <line number="39" hits="110" branch="false" />
                <line number="41" hits="113" branch="false" />
                <line number="43" hits="167" branch="false" />
                <line number="45" hits="110" branch="false" />
                <line number="47" hits="70" branch="false" />
                <line number="49" hits="23" branch="false" />
                <line number="51" hits="31" branch="false" />
                <line number="53" hits="34" branch="false" />
                <line number="55" hits="0" branch="false" />
                <line number="56" hits="978" branch="false" />
              </lines>
            </method>
            <method name="TemPar" signature="(Poker.Carta[])" line-rate="1" branch-rate="1" complexity="NaN">
              <lines>
                <line number="59" hits="37" branch="false" />
                <line number="60" hits="37" branch="true" condition-coverage="100% (2/2)" />
                <line number="61" hits="15" branch="false" />
                <line number="63" hits="180" branch="true" condition-coverage="100% (2/2)" />
                <line number="64" hits="78" branch="false" />
                <line number="65" hits="660" branch="true" condition-coverage="100% (2/2)" />
                <line number="66" hits="277" branch="false" />
                <line number="67" hits="277" branch="true" condition-coverage="100% (2/2)" />
                <line number="68" hits="199" branch="false" />
                <line number="69" hits="199" branch="false" />
                <line number="70" hits="199" branch="false" />
                <line number="72" hits="199" branch="true" condition-coverage="100% (2/2)" />
                <line number="73" hits="25" branch="false" />
                <line number="74" hits="25" branch="false" />
                <line number="76" hits="174" branch="false" />
                <line number="77" hits="252" branch="false" />
                <line number="78" hits="53" branch="false" />
                <line number="79" hits="12" branch="false" />
                <line number="80" hits="37" branch="false" />
              </lines>
            </method>
            <method name="TemPar" signature="(System.Int32&amp;,System.Int32&amp;)" line-rate="1" branch-rate="1" complexity="NaN">
              <lines>
                <line number="83" hits="14" branch="false" />
                <line number="84" hits="76" branch="true" condition-coverage="100% (2/2)" />
                <line number="85" hits="34" branch="false" />
                <line number="86" hits="334" branch="true" condition-coverage="100% (2/2)" />
                <line number="87" hits="143" branch="false" />
                <line number="88" hits="143" branch="true" condition-coverage="100% (2/2)" />
                <line number="89" hits="109" branch="false" />
                <line number="90" hits="109" branch="false" />
                <line number="91" hits="109" branch="false" />
                <line number="93" hits="109" branch="true" condition-coverage="100% (2/2)" />
                <line number="94" hits="10" branch="false" />
                <line number="95" hits="10" branch="false" />
                <line number="96" hits="10" branch="false" />
                <line number="97" hits="10" branch="false" />
                <line number="99" hits="99" branch="false" />
                <line number="100" hits="133" branch="false" />
                <line number="101" hits="24" branch="false" />
                <line number="103" hits="4" branch="false" />
                <line number="104" hits="4" branch="false" />
                <line number="105" hits="4" branch="false" />
                <line number="106" hits="14" branch="false" />
              </lines>
            </method>
            <method name="TemDoisPares" signature="()" line-rate="1" branch-rate="1" complexity="5">
              <lines>
                <line number="109" hits="14" branch="false" />
                <line number="110" hits="14" branch="false" />
                <line number="114" hits="14" branch="false" />
                <line number="116" hits="14" branch="true" condition-coverage="100% (2/2)" />
                <line number="117" hits="4" branch="false" />
                <line number="119" hits="10" branch="false" />
                <line number="120" hits="10" branch="false" />
                <line number="122" hits="10" branch="false" />
                <line number="124" hits="10" branch="true" condition-coverage="100% (2/2)" />
                <line number="125" hits="5" branch="false" />
                <line number="127" hits="5" branch="true" condition-coverage="100% (2/2)" />
                <line number="128" hits="5" branch="false" />
                <line number="129" hits="5" branch="false" />
                <line number="131" hits="5" branch="false" />
                <line number="132" hits="14" branch="false" />
              </lines>
            </method>
            <method name="CartaMaisAlta" signature="()" line-rate="1" branch-rate="1" complexity="3">
              <lines>
                <line number="135" hits="41" branch="false" />
                <line number="136" hits="41" branch="false" />
                <line number="138" hits="484" branch="true" condition-coverage="100% (2/2)" />
                <line number="139" hits="201" branch="false" />
                <line number="140" hits="201" branch="true" condition-coverage="100% (2/2)" />
                <line number="141" hits="47" branch="false" />
                <line number="142" hits="47" branch="false" />
                <line number="143" hits="47" branch="false" />
                <line number="144" hits="201" branch="false" />
                <line number="145" hits="41" branch="false" />
                <line number="146" hits="41" branch="false" />
              </lines>
            </method>
            <method name="TemTrinca" signature="()" line-rate="1" branch-rate="1" complexity="5">
              <lines>
                <line number="149" hits="46" branch="false" />
                <line number="150" hits="46" branch="false" />
                <line number="151" hits="536" branch="true" condition-coverage="100% (2/2)" />
                <line number="152" hits="222" branch="false" />
                <line number="153" hits="222" branch="true" condition-coverage="100% (2/2)" />
                <line number="154" hits="67" branch="false" />
                <line number="155" hits="67" branch="false" />
                <line number="156" hits="67" branch="false" />
                <line number="158" hits="155" branch="false" />
                <line number="159" hits="155" branch="false" />
                <line number="160" hits="155" branch="false" />
                <line number="162" hits="222" branch="false" />
                <line number="163" hits="393" branch="false" />
                <line number="164" hits="137" branch="false" />
                <line number="165" hits="137" branch="true" condition-coverage="100% (2/2)" />
                <line number="166" hits="19" branch="false" />
                <line number="167" hits="19" branch="false" />
                <line number="169" hits="118" branch="false" />
                <line number="170" hits="27" branch="false" />
                <line number="171" hits="46" branch="false" />
              </lines>
            </method>
            <method name="TemQuadra" signature="()" line-rate="1" branch-rate="1" complexity="5">
              <lines>
                <line number="173" hits="28" branch="false" />
                <line number="174" hits="28" branch="false" />
                <line number="175" hits="328" branch="true" condition-coverage="100% (2/2)" />
                <line number="176" hits="136" branch="false" />
                <line number="177" hits="136" branch="true" condition-coverage="100% (2/2)" />
                <line number="178" hits="44" branch="false" />
                <line number="179" hits="44" branch="false" />
                <line number="180" hits="44" branch="false" />
                <line number="182" hits="92" branch="false" />
                <line number="183" hits="92" branch="false" />
                <line number="184" hits="92" branch="false" />
                <line number="186" hits="136" branch="false" />
                <line number="187" hits="253" branch="false" />
                <line number="188" hits="87" branch="false" />
                <line number="189" hits="87" branch="true" condition-coverage="100% (2/2)" />
                <line number="190" hits="5" branch="false" />
                <line number="191" hits="5" branch="false" />
                <line number="193" hits="82" branch="false" />
                <line number="194" hits="23" branch="false" />
                <line number="195" hits="28" branch="false" />
              </lines>
            </method>
            <method name="TemSequencia" signature="()" line-rate="1" branch-rate="1" complexity="3">
              <lines>
                <line number="198" hits="78" branch="false" />
                <line number="199" hits="78" branch="false" />
                <line number="201" hits="306" branch="true" condition-coverage="100% (2/2)" />
                <line number="202" hits="135" branch="false" />
                <line number="203" hits="135" branch="false" />
                <line number="204" hits="135" branch="false" />
                <line number="206" hits="135" branch="false" />
                <line number="207" hits="135" branch="false" />
                <line number="209" hits="135" branch="false" />
                <line number="210" hits="135" branch="true" condition-coverage="100% (2/2)" />
                <line number="211" hits="60" branch="false" />
                <line number="212" hits="60" branch="false" />
                <line number="214" hits="75" branch="false" />
                <line number="215" hits="18" branch="false" />
                <line number="216" hits="78" branch="false" />
              </lines>
            </method>
            <method name="TemFlush" signature="()" line-rate="1" branch-rate="1" complexity="3">
              <lines>
                <line number="219" hits="36" branch="false" />
                <line number="220" hits="36" branch="false" />
                <line number="222" hits="280" branch="true" condition-coverage="100% (2/2)" />
                <line number="223" hits="124" branch="false" />
                <line number="224" hits="124" branch="false" />
                <line number="226" hits="124" branch="true" condition-coverage="100% (2/2)" />
                <line number="227" hits="20" branch="false" />
                <line number="228" hits="104" branch="false" />
                <line number="230" hits="16" branch="false" />
                <line number="231" hits="36" branch="false" />
              </lines>
            </method>
            <method name="TemFullHouse" signature="()" line-rate="1" branch-rate="1" complexity="3">
              <lines>
                <line number="234" hits="28" branch="false" />
                <line number="235" hits="28" branch="false" />
                <line number="237" hits="28" branch="true" condition-coverage="100% (2/2)" />
                <line number="238" hits="16" branch="false" />
                <line number="240" hits="12" branch="false" />
                <line number="242" hits="72" branch="false" />
                <line number="245" hits="12" branch="false" />
                <line number="247" hits="12" branch="true" condition-coverage="100% (2/2)" />
                <line number="248" hits="3" branch="false" />
                <line number="250" hits="9" branch="false" />
                <line number="251" hits="28" branch="false" />
              </lines>
            </method>
            <method name="TemStraightFlush" signature="()" line-rate="1" branch-rate="1" complexity="3">
              <lines>
                <line number="253" hits="59" branch="false" />
                <line number="254" hits="59" branch="false" />
                <line number="256" hits="59" branch="true" condition-coverage="100% (2/2)" />
                <line number="257" hits="46" branch="false" />
                <line number="259" hits="13" branch="false" />
                <line number="261" hits="13" branch="true" condition-coverage="100% (2/2)" />
                <line number="262" hits="4" branch="false" />
                <line number="264" hits="9" branch="false" />
                <line number="265" hits="59" branch="false" />
              </lines>
            </method>
            <method name="TemRoyalFlush" signature="()" line-rate="1" branch-rate="1" complexity="3">
              <lines>
                <line number="268" hits="29" branch="false" />
                <line number="269" hits="29" branch="false" />
                <line number="271" hits="29" branch="true" condition-coverage="100% (2/2)" />
                <line number="272" hits="25" branch="false" />
                <line number="273" hits="4" branch="true" condition-coverage="100% (2/2)" />
                <line number="274" hits="2" branch="false" />
                <line number="275" hits="2" branch="false" />
                <line number="277" hits="2" branch="false" />
                <line number="278" hits="29" branch="false" />
              </lines>
            </method>
            <method name="OrdernarCartas" signature="(Poker.Carta[])" line-rate="1" branch-rate="1" complexity="NaN">
              <lines>
                <line number="281" hits="78" branch="false" />
                <line number="282" hits="456" branch="false" />
                <line number="283" hits="78" branch="false" />
              </lines>
            </method>
          </methods>
          <lines>
            <line number="13" hits="37" branch="false" />
            <line number="14" hits="37" branch="false" />
            <line number="15" hits="37" branch="false" />
            <line number="16" hits="481" branch="false" />
            <line number="17" hits="185" branch="false" />
            <line number="18" hits="185" branch="false" />
            <line number="19" hits="185" branch="false" />
            <line number="20" hits="185" branch="false" />
            <line number="22" hits="37" branch="false" />
            <line number="23" hits="37" branch="false" />
            <line number="25" hits="978" branch="false" />
            <line number="26" hits="978" branch="true" condition-coverage="70% (42/60)" />
            <line number="29" hits="65" branch="false" />
            <line number="31" hits="43" branch="false" />
            <line number="33" hits="81" branch="false" />
            <line number="35" hits="31" branch="false" />
            <line number="37" hits="100" branch="false" />
            <line number="39" hits="110" branch="false" />
            <line number="41" hits="113" branch="false" />
            <line number="43" hits="167" branch="false" />
            <line number="45" hits="110" branch="false" />
            <line number="47" hits="70" branch="false" />
            <line number="49" hits="23" branch="false" />
            <line number="51" hits="31" branch="false" />
            <line number="53" hits="34" branch="false" />
            <line number="55" hits="0" branch="false" />
            <line number="56" hits="978" branch="false" />
            <line number="59" hits="37" branch="false" />
            <line number="60" hits="37" branch="true" condition-coverage="100% (2/2)" />
            <line number="61" hits="15" branch="false" />
            <line number="63" hits="180" branch="true" condition-coverage="100% (2/2)" />
            <line number="64" hits="78" branch="false" />
            <line number="65" hits="660" branch="true" condition-coverage="100% (2/2)" />
            <line number="66" hits="277" branch="false" />
            <line number="67" hits="277" branch="true" condition-coverage="100% (2/2)" />
            <line number="68" hits="199" branch="false" />
            <line number="69" hits="199" branch="false" />
            <line number="70" hits="199" branch="false" />
            <line number="72" hits="199" branch="true" condition-coverage="100% (2/2)" />
            <line number="73" hits="25" branch="false" />
            <line number="74" hits="25" branch="false" />
            <line number="76" hits="174" branch="false" />
            <line number="77" hits="252" branch="false" />
            <line number="78" hits="53" branch="false" />
            <line number="79" hits="12" branch="false" />
            <line number="80" hits="37" branch="false" />
            <line number="83" hits="14" branch="false" />
            <line number="84" hits="76" branch="true" condition-coverage="100% (2/2)" />
            <line number="85" hits="34" branch="false" />
            <line number="86" hits="334" branch="true" condition-coverage="100% (2/2)" />
            <line number="87" hits="143" branch="false" />
            <line number="88" hits="143" branch="true" condition-coverage="100% (2/2)" />
            <line number="89" hits="109" branch="false" />
            <line number="90" hits="109" branch="false" />
            <line number="91" hits="109" branch="false" />
            <line number="93" hits="109" branch="true" condition-coverage="100% (2/2)" />
            <line number="94" hits="10" branch="false" />
            <line number="95" hits="10" branch="false" />
            <line number="96" hits="10" branch="false" />
            <line number="97" hits="10" branch="false" />
            <line number="99" hits="99" branch="false" />
            <line number="100" hits="133" branch="false" />
            <line number="101" hits="24" branch="false" />
            <line number="103" hits="4" branch="false" />
            <line number="104" hits="4" branch="false" />
            <line number="105" hits="4" branch="false" />
            <line number="106" hits="14" branch="false" />
            <line number="109" hits="14" branch="false" />
            <line number="110" hits="14" branch="false" />
            <line number="114" hits="14" branch="false" />
            <line number="116" hits="14" branch="true" condition-coverage="100% (2/2)" />
            <line number="117" hits="4" branch="false" />
            <line number="119" hits="10" branch="false" />
            <line number="120" hits="10" branch="false" />
            <line number="122" hits="10" branch="false" />
            <line number="124" hits="10" branch="true" condition-coverage="100% (2/2)" />
            <line number="125" hits="5" branch="false" />
            <line number="127" hits="5" branch="true" condition-coverage="100% (2/2)" />
            <line number="128" hits="5" branch="false" />
            <line number="129" hits="5" branch="false" />
            <line number="131" hits="5" branch="false" />
            <line number="132" hits="14" branch="false" />
            <line number="135" hits="41" branch="false" />
            <line number="136" hits="41" branch="false" />
            <line number="138" hits="484" branch="true" condition-coverage="100% (2/2)" />
            <line number="139" hits="201" branch="false" />
            <line number="140" hits="201" branch="true" condition-coverage="100% (2/2)" />
            <line number="141" hits="47" branch="false" />
            <line number="142" hits="47" branch="false" />
            <line number="143" hits="47" branch="false" />
            <line number="144" hits="201" branch="false" />
            <line number="145" hits="41" branch="false" />
            <line number="146" hits="41" branch="false" />
            <line number="149" hits="46" branch="false" />
            <line number="150" hits="46" branch="false" />
            <line number="151" hits="536" branch="true" condition-coverage="100% (2/2)" />
            <line number="152" hits="222" branch="false" />
            <line number="153" hits="222" branch="true" condition-coverage="100% (2/2)" />
            <line number="154" hits="67" branch="false" />
            <line number="155" hits="67" branch="false" />
            <line number="156" hits="67" branch="false" />
            <line number="158" hits="155" branch="false" />
            <line number="159" hits="155" branch="false" />
            <line number="160" hits="155" branch="false" />
            <line number="162" hits="222" branch="false" />
            <line number="163" hits="393" branch="false" />
            <line number="164" hits="137" branch="false" />
            <line number="165" hits="137" branch="true" condition-coverage="100% (2/2)" />
            <line number="166" hits="19" branch="false" />
            <line number="167" hits="19" branch="false" />
            <line number="169" hits="118" branch="false" />
            <line number="170" hits="27" branch="false" />
            <line number="171" hits="46" branch="false" />
            <line number="173" hits="28" branch="false" />
            <line number="174" hits="28" branch="false" />
            <line number="175" hits="328" branch="true" condition-coverage="100% (2/2)" />
            <line number="176" hits="136" branch="false" />
            <line number="177" hits="136" branch="true" condition-coverage="100% (2/2)" />
            <line number="178" hits="44" branch="false" />
            <line number="179" hits="44" branch="false" />
            <line number="180" hits="44" branch="false" />
            <line number="182" hits="92" branch="false" />
            <line number="183" hits="92" branch="false" />
            <line number="184" hits="92" branch="false" />
            <line number="186" hits="136" branch="false" />
            <line number="187" hits="253" branch="false" />
            <line number="188" hits="87" branch="false" />
            <line number="189" hits="87" branch="true" condition-coverage="100% (2/2)" />
            <line number="190" hits="5" branch="false" />
            <line number="191" hits="5" branch="false" />
            <line number="193" hits="82" branch="false" />
            <line number="194" hits="23" branch="false" />
            <line number="195" hits="28" branch="false" />
            <line number="198" hits="78" branch="false" />
            <line number="199" hits="78" branch="false" />
            <line number="201" hits="306" branch="true" condition-coverage="100% (2/2)" />
            <line number="202" hits="135" branch="false" />
            <line number="203" hits="135" branch="false" />
            <line number="204" hits="135" branch="false" />
            <line number="206" hits="135" branch="false" />
            <line number="207" hits="135" branch="false" />
            <line number="209" hits="135" branch="false" />
            <line number="210" hits="135" branch="true" condition-coverage="100% (2/2)" />
            <line number="211" hits="60" branch="false" />
            <line number="212" hits="60" branch="false" />
            <line number="214" hits="75" branch="false" />
            <line number="215" hits="18" branch="false" />
            <line number="216" hits="78" branch="false" />
            <line number="219" hits="36" branch="false" />
            <line number="220" hits="36" branch="false" />
            <line number="222" hits="280" branch="true" condition-coverage="100% (2/2)" />
            <line number="223" hits="124" branch="false" />
            <line number="224" hits="124" branch="false" />
            <line number="226" hits="124" branch="true" condition-coverage="100% (2/2)" />
            <line number="227" hits="20" branch="false" />
            <line number="228" hits="104" branch="false" />
            <line number="230" hits="16" branch="false" />
            <line number="231" hits="36" branch="false" />
            <line number="234" hits="28" branch="false" />
            <line number="235" hits="28" branch="false" />
            <line number="237" hits="28" branch="true" condition-coverage="100% (2/2)" />
            <line number="238" hits="16" branch="false" />
            <line number="240" hits="12" branch="false" />
            <line number="242" hits="72" branch="false" />
            <line number="245" hits="12" branch="false" />
            <line number="247" hits="12" branch="true" condition-coverage="100% (2/2)" />
            <line number="248" hits="3" branch="false" />
            <line number="250" hits="9" branch="false" />
            <line number="251" hits="28" branch="false" />
            <line number="253" hits="59" branch="false" />
            <line number="254" hits="59" branch="false" />
            <line number="256" hits="59" branch="true" condition-coverage="100% (2/2)" />
            <line number="257" hits="46" branch="false" />
            <line number="259" hits="13" branch="false" />
            <line number="261" hits="13" branch="true" condition-coverage="100% (2/2)" />
            <line number="262" hits="4" branch="false" />
            <line number="264" hits="9" branch="false" />
            <line number="265" hits="59" branch="false" />
            <line number="268" hits="29" branch="false" />
            <line number="269" hits="29" branch="false" />
            <line number="271" hits="29" branch="true" condition-coverage="100% (2/2)" />
            <line number="272" hits="25" branch="false" />
            <line number="273" hits="4" branch="true" condition-coverage="100% (2/2)" />
            <line number="274" hits="2" branch="false" />
            <line number="275" hits="2" branch="false" />
            <line number="277" hits="2" branch="false" />
            <line number="278" hits="29" branch="false" />
            <line number="281" hits="78" branch="false" />
            <line number="282" hits="456" branch="false" />
            <line number="283" hits="78" branch="false" />
          </lines>
        </class>
        <class name="Poker.Jogo" filename="C:\Users\erik0\source\repos\Poker.Dominio\Poker\Jogo.cs" line-rate="0.9666666666666667" branch-rate="0.8333333333333334" complexity="5">
          <methods>
            <method name=".ctor" signature="(Poker.Jogador,Poker.Jogador)" line-rate="1" branch-rate="1" complexity="NaN">
              <lines>
                <line number="15" hits="13" branch="false" />
                <line number="16" hits="13" branch="false" />
                <line number="17" hits="13" branch="false" />
                <line number="18" hits="13" branch="false" />
                <line number="19" hits="13" branch="false" />
              </lines>
            </method>
            <method name="Vencedor" signature="()" line-rate="1" branch-rate="1" complexity="3">
              <lines>
                <line number="22" hits="13" branch="false" />
                <line number="23" hits="13" branch="false" />
                <line number="24" hits="13" branch="false" />
                <line number="26" hits="13" branch="true" condition-coverage="100% (2/2)" />
                <line number="27" hits="9" branch="false" />
                <line number="28" hits="4" branch="true" condition-coverage="100% (2/2)" />
                <line number="29" hits="1" branch="false" />
                <line number="31" hits="3" branch="false" />
                <line number="32" hits="13" branch="false" />
              </lines>
            </method>
            <method name="ResolverEmpate" signature="()" line-rate="0.8888888888888888" branch-rate="0.5" complexity="2">
              <lines>
                <line number="35" hits="1" branch="false" />
                <line number="36" hits="1" branch="false" />
                <line number="37" hits="1" branch="false" />
                <line number="39" hits="1" branch="false" />
                <line number="40" hits="1" branch="false" />
                <line number="42" hits="1" branch="true" condition-coverage="50% (1/2)" />
                <line number="43" hits="1" branch="false" />
                <line number="45" hits="0" branch="false" />
                <line number="46" hits="1" branch="false" />
              </lines>
            </method>
            <method name="RemoverCartasMaisAltas" signature="(Poker.Jogador)" line-rate="1" branch-rate="1" complexity="NaN">
              <lines>
                <line number="49" hits="2" branch="false" />
                <line number="50" hits="2" branch="false" />
                <line number="52" hits="2" branch="false" />
                <line number="54" hits="2" branch="false" />
                <line number="56" hits="2" branch="false" />
                <line number="57" hits="12" branch="false" />
                <line number="58" hits="2" branch="false" />
              </lines>
            </method>
          </methods>
          <lines>
            <line number="15" hits="13" branch="false" />
            <line number="16" hits="13" branch="false" />
            <line number="17" hits="13" branch="false" />
            <line number="18" hits="13" branch="false" />
            <line number="19" hits="13" branch="false" />
            <line number="22" hits="13" branch="false" />
            <line number="23" hits="13" branch="false" />
            <line number="24" hits="13" branch="false" />
            <line number="26" hits="13" branch="true" condition-coverage="100% (2/2)" />
            <line number="27" hits="9" branch="false" />
            <line number="28" hits="4" branch="true" condition-coverage="100% (2/2)" />
            <line number="29" hits="1" branch="false" />
            <line number="31" hits="3" branch="false" />
            <line number="32" hits="13" branch="false" />
            <line number="35" hits="1" branch="false" />
            <line number="36" hits="1" branch="false" />
            <line number="37" hits="1" branch="false" />
            <line number="39" hits="1" branch="false" />
            <line number="40" hits="1" branch="false" />
            <line number="42" hits="1" branch="true" condition-coverage="50% (1/2)" />
            <line number="43" hits="1" branch="false" />
            <line number="45" hits="0" branch="false" />
            <line number="46" hits="1" branch="false" />
            <line number="49" hits="2" branch="false" />
            <line number="50" hits="2" branch="false" />
            <line number="52" hits="2" branch="false" />
            <line number="54" hits="2" branch="false" />
            <line number="56" hits="2" branch="false" />
            <line number="57" hits="12" branch="false" />
            <line number="58" hits="2" branch="false" />
          </lines>
        </class>
        <class name="Poker.VerificadorDeJogo" filename="C:\Users\erik0\source\repos\Poker.Dominio\Poker\VerificadorDeJogo.cs" line-rate="1" branch-rate="1" complexity="10">
          <methods>
            <method name=".ctor" signature="(Poker.Jogador)" line-rate="1" branch-rate="1" complexity="NaN">
              <lines>
                <line number="13" hits="40" branch="false" />
                <line number="14" hits="40" branch="false" />
                <line number="15" hits="40" branch="false" />
                <line number="16" hits="40" branch="false" />
              </lines>
            </method>
            <method name="Verificar" signature="()" line-rate="1" branch-rate="1" complexity="10">
              <lines>
                <line number="19" hits="28" branch="false" />
                <line number="20" hits="28" branch="true" condition-coverage="100% (2/2)" />
                <line number="21" hits="1" branch="false" />
                <line number="22" hits="1" branch="false" />
                <line number="24" hits="27" branch="true" condition-coverage="100% (2/2)" />
                <line number="25" hits="2" branch="false" />
                <line number="26" hits="2" branch="false" />
                <line number="28" hits="2" branch="false" />
                <line number="30" hits="25" branch="true" condition-coverage="100% (2/2)" />
                <line number="31" hits="2" branch="false" />
                <line number="32" hits="2" branch="false" />
                <line number="34" hits="2" branch="false" />
                <line number="36" hits="2" branch="false" />
                <line number="38" hits="23" branch="true" condition-coverage="100% (2/2)" />
                <line number="39" hits="4" branch="false" />
                <line number="40" hits="4" branch="false" />
                <line number="42" hits="4" branch="false" />
                <line number="44" hits="19" branch="true" condition-coverage="100% (2/2)" />
                <line number="45" hits="3" branch="false" />
                <line number="46" hits="3" branch="false" />
                <line number="48" hits="3" branch="false" />
                <line number="50" hits="16" branch="true" condition-coverage="100% (2/2)" />
                <line number="51" hits="2" branch="false" />
                <line number="52" hits="2" branch="false" />
                <line number="54" hits="2" branch="false" />
                <line number="56" hits="14" branch="true" condition-coverage="100% (2/2)" />
                <line number="57" hits="3" branch="false" />
                <line number="58" hits="3" branch="false" />
                <line number="60" hits="3" branch="false" />
                <line number="62" hits="3" branch="false" />
                <line number="64" hits="11" branch="true" condition-coverage="100% (2/2)" />
                <line number="65" hits="2" branch="false" />
                <line number="66" hits="2" branch="false" />
                <line number="68" hits="2" branch="false" />
                <line number="70" hits="2" branch="false" />
                <line number="72" hits="9" branch="true" condition-coverage="100% (2/2)" />
                <line number="73" hits="5" branch="false" />
                <line number="74" hits="5" branch="false" />
                <line number="76" hits="5" branch="false" />
                <line number="78" hits="5" branch="false" />
                <line number="82" hits="4" branch="false" />
                <line number="83" hits="4" branch="false" />
                <line number="85" hits="4" branch="false" />
                <line number="87" hits="28" branch="false" />
              </lines>
            </method>
          </methods>
          <lines>
            <line number="13" hits="40" branch="false" />
            <line number="14" hits="40" branch="false" />
            <line number="15" hits="40" branch="false" />
            <line number="16" hits="40" branch="false" />
            <line number="19" hits="28" branch="false" />
            <line number="20" hits="28" branch="true" condition-coverage="100% (2/2)" />
            <line number="21" hits="1" branch="false" />
            <line number="22" hits="1" branch="false" />
            <line number="24" hits="27" branch="true" condition-coverage="100% (2/2)" />
            <line number="25" hits="2" branch="false" />
            <line number="26" hits="2" branch="false" />
            <line number="28" hits="2" branch="false" />
            <line number="30" hits="25" branch="true" condition-coverage="100% (2/2)" />
            <line number="31" hits="2" branch="false" />
            <line number="32" hits="2" branch="false" />
            <line number="34" hits="2" branch="false" />
            <line number="36" hits="2" branch="false" />
            <line number="38" hits="23" branch="true" condition-coverage="100% (2/2)" />
            <line number="39" hits="4" branch="false" />
            <line number="40" hits="4" branch="false" />
            <line number="42" hits="4" branch="false" />
            <line number="44" hits="19" branch="true" condition-coverage="100% (2/2)" />
            <line number="45" hits="3" branch="false" />
            <line number="46" hits="3" branch="false" />
            <line number="48" hits="3" branch="false" />
            <line number="50" hits="16" branch="true" condition-coverage="100% (2/2)" />
            <line number="51" hits="2" branch="false" />
            <line number="52" hits="2" branch="false" />
            <line number="54" hits="2" branch="false" />
            <line number="56" hits="14" branch="true" condition-coverage="100% (2/2)" />
            <line number="57" hits="3" branch="false" />
            <line number="58" hits="3" branch="false" />
            <line number="60" hits="3" branch="false" />
            <line number="62" hits="3" branch="false" />
            <line number="64" hits="11" branch="true" condition-coverage="100% (2/2)" />
            <line number="65" hits="2" branch="false" />
            <line number="66" hits="2" branch="false" />
            <line number="68" hits="2" branch="false" />
            <line number="70" hits="2" branch="false" />
            <line number="72" hits="9" branch="true" condition-coverage="100% (2/2)" />
            <line number="73" hits="5" branch="false" />
            <line number="74" hits="5" branch="false" />
            <line number="76" hits="5" branch="false" />
            <line number="78" hits="5" branch="false" />
            <line number="82" hits="4" branch="false" />
            <line number="83" hits="4" branch="false" />
            <line number="85" hits="4" branch="false" />
            <line number="87" hits="28" branch="false" />
          </lines>
        </class>
      </classes>
    </package>
    <package name="PokerTestws" line-rate="1" branch-rate="1" complexity="25">
      <classes>
        <class name="PokerTestws.CartaTest" filename="C:\Users\erik0\source\repos\Poker.Test\PokerTestws\CartaTest.cs" line-rate="1" branch-rate="1" complexity="1">
          <methods>
            <method name="DeveCriarCartaReiDePaus" signature="()" line-rate="1" branch-rate="1" complexity="1">
              <lines>
                <line number="12" hits="1" branch="false" />
                <line number="13" hits="1" branch="false" />
                <line number="15" hits="1" branch="false" />
                <line number="17" hits="1" branch="false" />
                <line number="18" hits="1" branch="false" />
                <line number="19" hits="1" branch="false" />
              </lines>
            </method>
          </methods>
          <lines>
            <line number="12" hits="1" branch="false" />
            <line number="13" hits="1" branch="false" />
            <line number="15" hits="1" branch="false" />
            <line number="17" hits="1" branch="false" />
            <line number="18" hits="1" branch="false" />
            <line number="19" hits="1" branch="false" />
          </lines>
        </class>
        <class name="PokerTestws.JogadorTest" filename="C:\Users\erik0\source\repos\Poker.Test\PokerTestws\JogadorTest.cs" line-rate="1" branch-rate="1" complexity="11">
          <methods>
            <method name="DeveCriarDeck" signature="()" line-rate="1" branch-rate="1" complexity="1">
              <lines>
                <line number="15" hits="1" branch="false" />
                <line number="16" hits="1" branch="false" />
                <line number="18" hits="1" branch="false" />
                <line number="20" hits="1" branch="false" />
                <line number="21" hits="1" branch="false" />
                <line number="23" hits="1" branch="false" />
                <line number="24" hits="1" branch="false" />
                <line number="26" hits="1" branch="false" />
                <line number="27" hits="1" branch="false" />
                <line number="29" hits="1" branch="false" />
                <line number="30" hits="1" branch="false" />
                <line number="32" hits="1" branch="false" />
                <line number="33" hits="1" branch="false" />
                <line number="34" hits="1" branch="false" />
              </lines>
            </method>
            <method name="DeveRetornarCartaMaisAltaA" signature="()" line-rate="1" branch-rate="1" complexity="1">
              <lines>
                <line number="37" hits="1" branch="false" />
                <line number="38" hits="1" branch="false" />
                <line number="39" hits="1" branch="false" />
                <line number="41" hits="1" branch="false" />
                <line number="42" hits="1" branch="false" />
              </lines>
            </method>
            <method name="DeveRetornarParComReis" signature="()" line-rate="1" branch-rate="1" complexity="1">
              <lines>
                <line number="46" hits="1" branch="false" />
                <line number="47" hits="1" branch="false" />
                <line number="48" hits="1" branch="false" />
                <line number="50" hits="1" branch="false" />
                <line number="51" hits="1" branch="false" />
              </lines>
            </method>
            <method name="DeveRetornarDoisParesDamaEValete" signature="()" line-rate="1" branch-rate="1" complexity="1">
              <lines>
                <line number="55" hits="1" branch="false" />
                <line number="56" hits="1" branch="false" />
                <line number="57" hits="1" branch="false" />
                <line number="59" hits="1" branch="false" />
                <line number="60" hits="1" branch="false" />
              </lines>
            </method>
            <method name="DeveRetornarTrincaDeDez" signature="()" line-rate="1" branch-rate="1" complexity="1">
              <lines>
                <line number="64" hits="1" branch="false" />
                <line number="65" hits="1" branch="false" />
                <line number="66" hits="1" branch="false" />
                <line number="68" hits="1" branch="false" />
                <line number="69" hits="1" branch="false" />
              </lines>
            </method>
            <method name="DeveRetornarSequencia" signature="()" line-rate="1" branch-rate="1" complexity="1">
              <lines>
                <line number="73" hits="1" branch="false" />
                <line number="74" hits="1" branch="false" />
                <line number="75" hits="1" branch="false" />
                <line number="77" hits="1" branch="false" />
                <line number="78" hits="1" branch="false" />
              </lines>
            </method>
            <method name="DeveRetornarFlush" signature="()" line-rate="1" branch-rate="1" complexity="1">
              <lines>
                <line number="82" hits="1" branch="false" />
                <line number="83" hits="1" branch="false" />
                <line number="84" hits="1" branch="false" />
                <line number="86" hits="1" branch="false" />
                <line number="87" hits="1" branch="false" />
              </lines>
            </method>
            <method name="DeveRetornarFullHouse" signature="()" line-rate="1" branch-rate="1" complexity="1">
              <lines>
                <line number="91" hits="1" branch="false" />
                <line number="92" hits="1" branch="false" />
                <line number="93" hits="1" branch="false" />
                <line number="95" hits="1" branch="false" />
                <line number="96" hits="1" branch="false" />
              </lines>
            </method>
            <method name="DeveRetornarQuadra" signature="()" line-rate="1" branch-rate="1" complexity="1">
              <lines>
                <line number="100" hits="1" branch="false" />
                <line number="101" hits="1" branch="false" />
                <line number="102" hits="1" branch="false" />
                <line number="104" hits="1" branch="false" />
                <line number="105" hits="1" branch="false" />
              </lines>
            </method>
            <method name="DeveRetornarStraightFlush" signature="()" line-rate="1" branch-rate="1" complexity="1">
              <lines>
                <line number="109" hits="1" branch="false" />
                <line number="110" hits="1" branch="false" />
                <line number="111" hits="1" branch="false" />
                <line number="113" hits="1" branch="false" />
                <line number="114" hits="1" branch="false" />
              </lines>
            </method>
            <method name="DeveRetornarRoyakFlush" signature="()" line-rate="1" branch-rate="1" complexity="1">
              <lines>
                <line number="118" hits="1" branch="false" />
                <line number="119" hits="1" branch="false" />
                <line number="120" hits="1" branch="false" />
                <line number="122" hits="1" branch="false" />
                <line number="123" hits="1" branch="false" />
              </lines>
            </method>
          </methods>
          <lines>
            <line number="15" hits="1" branch="false" />
            <line number="16" hits="1" branch="false" />
            <line number="18" hits="1" branch="false" />
            <line number="20" hits="1" branch="false" />
            <line number="21" hits="1" branch="false" />
            <line number="23" hits="1" branch="false" />
            <line number="24" hits="1" branch="false" />
            <line number="26" hits="1" branch="false" />
            <line number="27" hits="1" branch="false" />
            <line number="29" hits="1" branch="false" />
            <line number="30" hits="1" branch="false" />
            <line number="32" hits="1" branch="false" />
            <line number="33" hits="1" branch="false" />
            <line number="34" hits="1" branch="false" />
            <line number="37" hits="1" branch="false" />
            <line number="38" hits="1" branch="false" />
            <line number="39" hits="1" branch="false" />
            <line number="41" hits="1" branch="false" />
            <line number="42" hits="1" branch="false" />
            <line number="46" hits="1" branch="false" />
            <line number="47" hits="1" branch="false" />
            <line number="48" hits="1" branch="false" />
            <line number="50" hits="1" branch="false" />
            <line number="51" hits="1" branch="false" />
            <line number="55" hits="1" branch="false" />
            <line number="56" hits="1" branch="false" />
            <line number="57" hits="1" branch="false" />
            <line number="59" hits="1" branch="false" />
            <line number="60" hits="1" branch="false" />
            <line number="64" hits="1" branch="false" />
            <line number="65" hits="1" branch="false" />
            <line number="66" hits="1" branch="false" />
            <line number="68" hits="1" branch="false" />
            <line number="69" hits="1" branch="false" />
            <line number="73" hits="1" branch="false" />
            <line number="74" hits="1" branch="false" />
            <line number="75" hits="1" branch="false" />
            <line number="77" hits="1" branch="false" />
            <line number="78" hits="1" branch="false" />
            <line number="82" hits="1" branch="false" />
            <line number="83" hits="1" branch="false" />
            <line number="84" hits="1" branch="false" />
            <line number="86" hits="1" branch="false" />
            <line number="87" hits="1" branch="false" />
            <line number="91" hits="1" branch="false" />
            <line number="92" hits="1" branch="false" />
            <line number="93" hits="1" branch="false" />
            <line number="95" hits="1" branch="false" />
            <line number="96" hits="1" branch="false" />
            <line number="100" hits="1" branch="false" />
            <line number="101" hits="1" branch="false" />
            <line number="102" hits="1" branch="false" />
            <line number="104" hits="1" branch="false" />
            <line number="105" hits="1" branch="false" />
            <line number="109" hits="1" branch="false" />
            <line number="110" hits="1" branch="false" />
            <line number="111" hits="1" branch="false" />
            <line number="113" hits="1" branch="false" />
            <line number="114" hits="1" branch="false" />
            <line number="118" hits="1" branch="false" />
            <line number="119" hits="1" branch="false" />
            <line number="120" hits="1" branch="false" />
            <line number="122" hits="1" branch="false" />
            <line number="123" hits="1" branch="false" />
          </lines>
        </class>
        <class name="PokerTestws.JogoTest" filename="C:\Users\erik0\source\repos\Poker.Test\PokerTestws\JogoTest.cs" line-rate="1" branch-rate="1" complexity="13">
          <methods>
            <method name="VericarParDeCincoEParDeOito" signature="()" line-rate="1" branch-rate="1" complexity="1">
              <lines>
                <line number="12" hits="1" branch="false" />
                <line number="13" hits="1" branch="false" />
                <line number="14" hits="1" branch="false" />
                <line number="16" hits="1" branch="false" />
                <line number="18" hits="1" branch="false" />
                <line number="19" hits="1" branch="false" />
              </lines>
            </method>
            <method name="VerificarCartaMaisAlta" signature="()" line-rate="1" branch-rate="1" complexity="1">
              <lines>
                <line number="22" hits="1" branch="false" />
                <line number="23" hits="1" branch="false" />
                <line number="24" hits="1" branch="false" />
                <line number="26" hits="1" branch="false" />
                <line number="28" hits="1" branch="false" />
                <line number="29" hits="1" branch="false" />
              </lines>
            </method>
            <method name="VerificarDoisPares" signature="()" line-rate="1" branch-rate="1" complexity="1">
              <lines>
                <line number="33" hits="1" branch="false" />
                <line number="34" hits="1" branch="false" />
                <line number="35" hits="1" branch="false" />
                <line number="37" hits="1" branch="false" />
                <line number="39" hits="1" branch="false" />
                <line number="40" hits="1" branch="false" />
              </lines>
            </method>
            <method name="VerificarTrincaEDoisPares" signature="()" line-rate="1" branch-rate="1" complexity="1">
              <lines>
                <line number="44" hits="1" branch="false" />
                <line number="45" hits="1" branch="false" />
                <line number="46" hits="1" branch="false" />
                <line number="48" hits="1" branch="false" />
                <line number="50" hits="1" branch="false" />
                <line number="51" hits="1" branch="false" />
              </lines>
            </method>
            <method name="VerificarSequencia" signature="()" line-rate="1" branch-rate="1" complexity="1">
              <lines>
                <line number="55" hits="1" branch="false" />
                <line number="56" hits="1" branch="false" />
                <line number="57" hits="1" branch="false" />
                <line number="59" hits="1" branch="false" />
                <line number="61" hits="1" branch="false" />
                <line number="62" hits="1" branch="false" />
              </lines>
            </method>
            <method name="VerificarFlushESequencia" signature="()" line-rate="1" branch-rate="1" complexity="1">
              <lines>
                <line number="66" hits="1" branch="false" />
                <line number="67" hits="1" branch="false" />
                <line number="68" hits="1" branch="false" />
                <line number="70" hits="1" branch="false" />
                <line number="72" hits="1" branch="false" />
                <line number="73" hits="1" branch="false" />
              </lines>
            </method>
            <method name="VerificarFullHouseEFlush" signature="()" line-rate="1" branch-rate="1" complexity="1">
              <lines>
                <line number="77" hits="1" branch="false" />
                <line number="78" hits="1" branch="false" />
                <line number="79" hits="1" branch="false" />
                <line number="81" hits="1" branch="false" />
                <line number="83" hits="1" branch="false" />
                <line number="84" hits="1" branch="false" />
              </lines>
            </method>
            <method name="VerificarQuadraEFullHouse" signature="()" line-rate="1" branch-rate="1" complexity="1">
              <lines>
                <line number="88" hits="1" branch="false" />
                <line number="89" hits="1" branch="false" />
                <line number="90" hits="1" branch="false" />
                <line number="92" hits="1" branch="false" />
                <line number="94" hits="1" branch="false" />
                <line number="95" hits="1" branch="false" />
              </lines>
            </method>
            <method name="VerificarStrainghtFlushEQuadra" signature="()" line-rate="1" branch-rate="1" complexity="1">
              <lines>
                <line number="99" hits="1" branch="false" />
                <line number="100" hits="1" branch="false" />
                <line number="101" hits="1" branch="false" />
                <line number="103" hits="1" branch="false" />
                <line number="105" hits="1" branch="false" />
                <line number="106" hits="1" branch="false" />
              </lines>
            </method>
            <method name="VerificarRoyalFlushEStraightFlush" signature="()" line-rate="1" branch-rate="1" complexity="1">
              <lines>
                <line number="109" hits="1" branch="false" />
                <line number="110" hits="1" branch="false" />
                <line number="111" hits="1" branch="false" />
                <line number="113" hits="1" branch="false" />
                <line number="115" hits="1" branch="false" />
                <line number="116" hits="1" branch="false" />
              </lines>
            </method>
            <method name="VerificarFlushETrinca" signature="()" line-rate="1" branch-rate="1" complexity="1">
              <lines>
                <line number="120" hits="1" branch="false" />
                <line number="121" hits="1" branch="false" />
                <line number="122" hits="1" branch="false" />
                <line number="124" hits="1" branch="false" />
                <line number="126" hits="1" branch="false" />
                <line number="127" hits="1" branch="false" />
              </lines>
            </method>
            <method name="VerificarEmpateParCartaMaisAlta" signature="()" line-rate="1" branch-rate="1" complexity="1">
              <lines>
                <line number="131" hits="1" branch="false" />
                <line number="132" hits="1" branch="false" />
                <line number="133" hits="1" branch="false" />
                <line number="135" hits="1" branch="false" />
                <line number="137" hits="1" branch="false" />
                <line number="138" hits="1" branch="false" />
              </lines>
            </method>
            <method name="EmpateDeFullHouse" signature="()" line-rate="1" branch-rate="1" complexity="1">
              <lines>
                <line number="142" hits="1" branch="false" />
                <line number="143" hits="1" branch="false" />
                <line number="144" hits="1" branch="false" />
                <line number="146" hits="1" branch="false" />
                <line number="148" hits="1" branch="false" />
                <line number="149" hits="1" branch="false" />
              </lines>
            </method>
          </methods>
          <lines>
            <line number="12" hits="1" branch="false" />
            <line number="13" hits="1" branch="false" />
            <line number="14" hits="1" branch="false" />
            <line number="16" hits="1" branch="false" />
            <line number="18" hits="1" branch="false" />
            <line number="19" hits="1" branch="false" />
            <line number="22" hits="1" branch="false" />
            <line number="23" hits="1" branch="false" />
            <line number="24" hits="1" branch="false" />
            <line number="26" hits="1" branch="false" />
            <line number="28" hits="1" branch="false" />
            <line number="29" hits="1" branch="false" />
            <line number="33" hits="1" branch="false" />
            <line number="34" hits="1" branch="false" />
            <line number="35" hits="1" branch="false" />
            <line number="37" hits="1" branch="false" />
            <line number="39" hits="1" branch="false" />
            <line number="40" hits="1" branch="false" />
            <line number="44" hits="1" branch="false" />
            <line number="45" hits="1" branch="false" />
            <line number="46" hits="1" branch="false" />
            <line number="48" hits="1" branch="false" />
            <line number="50" hits="1" branch="false" />
            <line number="51" hits="1" branch="false" />
            <line number="55" hits="1" branch="false" />
            <line number="56" hits="1" branch="false" />
            <line number="57" hits="1" branch="false" />
            <line number="59" hits="1" branch="false" />
            <line number="61" hits="1" branch="false" />
            <line number="62" hits="1" branch="false" />
            <line number="66" hits="1" branch="false" />
            <line number="67" hits="1" branch="false" />
            <line number="68" hits="1" branch="false" />
            <line number="70" hits="1" branch="false" />
            <line number="72" hits="1" branch="false" />
            <line number="73" hits="1" branch="false" />
            <line number="77" hits="1" branch="false" />
            <line number="78" hits="1" branch="false" />
            <line number="79" hits="1" branch="false" />
            <line number="81" hits="1" branch="false" />
            <line number="83" hits="1" branch="false" />
            <line number="84" hits="1" branch="false" />
            <line number="88" hits="1" branch="false" />
            <line number="89" hits="1" branch="false" />
            <line number="90" hits="1" branch="false" />
            <line number="92" hits="1" branch="false" />
            <line number="94" hits="1" branch="false" />
            <line number="95" hits="1" branch="false" />
            <line number="99" hits="1" branch="false" />
            <line number="100" hits="1" branch="false" />
            <line number="101" hits="1" branch="false" />
            <line number="103" hits="1" branch="false" />
            <line number="105" hits="1" branch="false" />
            <line number="106" hits="1" branch="false" />
            <line number="109" hits="1" branch="false" />
            <line number="110" hits="1" branch="false" />
            <line number="111" hits="1" branch="false" />
            <line number="113" hits="1" branch="false" />
            <line number="115" hits="1" branch="false" />
            <line number="116" hits="1" branch="false" />
            <line number="120" hits="1" branch="false" />
            <line number="121" hits="1" branch="false" />
            <line number="122" hits="1" branch="false" />
            <line number="124" hits="1" branch="false" />
            <line number="126" hits="1" branch="false" />
            <line number="127" hits="1" branch="false" />
            <line number="131" hits="1" branch="false" />
            <line number="132" hits="1" branch="false" />
            <line number="133" hits="1" branch="false" />
            <line number="135" hits="1" branch="false" />
            <line number="137" hits="1" branch="false" />
            <line number="138" hits="1" branch="false" />
            <line number="142" hits="1" branch="false" />
            <line number="143" hits="1" branch="false" />
            <line number="144" hits="1" branch="false" />
            <line number="146" hits="1" branch="false" />
            <line number="148" hits="1" branch="false" />
            <line number="149" hits="1" branch="false" />
          </lines>
        </class>
      </classes>
    </package>
  </packages>
</coverage>