<?xml version="1.0" encoding="utf-8"?>
<CoverageSession xmlns:xsd="http://www.w3.org/2001/XMLSchema" xmlns:xsi="http://www.w3.org/2001/XMLSchema-instance" Version="4.7.922.0">
  <Summary numSequencePoints="448" visitedSequencePoints="446" numBranchPoints="193" visitedBranchPoints="174" sequenceCoverage="99.55" branchCoverage="90.16" maxCyclomaticComplexity="31" minCyclomaticComplexity="1" maxCrapScore="31.20" minCrapScore="1" visitedClasses="9" numClasses="9" visitedMethods="49" numMethods="49" />
  <Modules>
    <Module hash="00-52-A9-7F-B7-BF-1D-5D-25-3C-C6-51-82-A7-04-C8-52-11-95-A1">
      <Summary numSequencePoints="148" visitedSequencePoints="148" numBranchPoints="25" visitedBranchPoints="25" sequenceCoverage="100" branchCoverage="100" maxCyclomaticComplexity="1" minCyclomaticComplexity="1" maxCrapScore="2" minCrapScore="1" visitedClasses="3" numClasses="3" visitedMethods="25" numMethods="25" />
      <ModulePath>C:\Users\erik0\source\repos\Poker.Test\PokerTestws\bin\Debug\fine-code-coverage\build-output\PokerTestws.dll</ModulePath>
      <ModuleTime>2021-07-22T20:30:36.0957235Z</ModuleTime>
      <ModuleName>PokerTestws</ModuleName>
      <Files>
        <File uid="1" fullPath="C:\Users\erik0\source\repos\Poker.Test\PokerTestws\JogoTest.cs" />
        <File uid="2" fullPath="C:\Users\erik0\source\repos\Poker.Test\PokerTestws\JogadorTest.cs" />
        <File uid="3" fullPath="C:\Users\erik0\source\repos\Poker.Test\PokerTestws\CartaTest.cs" />
      </Files>
      <Classes>
        <Class>
          <Summary numSequencePoints="78" visitedSequencePoints="78" numBranchPoints="13" visitedBranchPoints="13" sequenceCoverage="100" branchCoverage="100" maxCyclomaticComplexity="1" minCyclomaticComplexity="1" maxCrapScore="2" minCrapScore="1" visitedClasses="1" numClasses="1" visitedMethods="13" numMethods="13" />
          <FullName>PokerTestws.JogoTest</FullName>
          <Methods>
            <Method visited="true" cyclomaticComplexity="1" nPathComplexity="0" sequenceCoverage="100" branchCoverage="100" crapScore="1" isConstructor="false" isStatic="false" isGetter="false" isSetter="false">
              <Summary numSequencePoints="6" visitedSequencePoints="6" numBranchPoints="1" visitedBranchPoints="1" sequenceCoverage="100" branchCoverage="100" maxCyclomaticComplexity="1" minCyclomaticComplexity="1" maxCrapScore="1" minCrapScore="1" visitedClasses="0" numClasses="0" visitedMethods="1" numMethods="1" />
              <MetadataToken>100663297</MetadataToken>
              <Name>System.Void PokerTestws.JogoTest::VericarParDeCincoEParDeOito()</Name>
              <FileRef uid="1" />
              <SequencePoints>
                <SequencePoint vc="1" uspid="1" ordinal="0" offset="0" sl="12" sc="9" el="12" ec="10" bec="0" bev="0" fileid="1" />
                <SequencePoint vc="1" uspid="2" ordinal="1" offset="1" sl="13" sc="13" el="13" ec="62" bec="0" bev="0" fileid="1" />
                <SequencePoint vc="1" uspid="3" ordinal="2" offset="12" sl="14" sc="13" el="14" ec="62" bec="0" bev="0" fileid="1" />
                <SequencePoint vc="1" uspid="4" ordinal="3" offset="23" sl="16" sc="13" el="16" ec="54" bec="0" bev="0" fileid="1" />
                <SequencePoint vc="1" uspid="5" ordinal="4" offset="31" sl="18" sc="13" el="18" ec="56" bec="0" bev="0" fileid="1" />
                <SequencePoint vc="1" uspid="6" ordinal="5" offset="44" sl="19" sc="9" el="19" ec="10" bec="0" bev="0" fileid="1" />
              </SequencePoints>
              <BranchPoints />
              <MethodPoint xsi:type="SequencePoint" vc="1" uspid="1" ordinal="0" offset="0" sl="12" sc="9" el="12" ec="10" bec="0" bev="0" fileid="1" />
            </Method>
            <Method visited="true" cyclomaticComplexity="1" nPathComplexity="0" sequenceCoverage="100" branchCoverage="100" crapScore="1" isConstructor="false" isStatic="false" isGetter="false" isSetter="false">
              <Summary numSequencePoints="6" visitedSequencePoints="6" numBranchPoints="1" visitedBranchPoints="1" sequenceCoverage="100" branchCoverage="100" maxCyclomaticComplexity="1" minCyclomaticComplexity="1" maxCrapScore="1" minCrapScore="1" visitedClasses="0" numClasses="0" visitedMethods="1" numMethods="1" />
              <MetadataToken>100663298</MetadataToken>
              <Name>System.Void PokerTestws.JogoTest::VerificarCartaMaisAlta()</Name>
              <FileRef uid="1" />
              <SequencePoints>
                <SequencePoint vc="1" uspid="7" ordinal="0" offset="0" sl="22" sc="9" el="22" ec="10" bec="0" bev="0" fileid="1" />
                <SequencePoint vc="1" uspid="8" ordinal="1" offset="1" sl="23" sc="13" el="23" ec="62" bec="0" bev="0" fileid="1" />
                <SequencePoint vc="1" uspid="9" ordinal="2" offset="12" sl="24" sc="13" el="24" ec="62" bec="0" bev="0" fileid="1" />
                <SequencePoint vc="1" uspid="10" ordinal="3" offset="23" sl="26" sc="13" el="26" ec="54" bec="0" bev="0" fileid="1" />
                <SequencePoint vc="1" uspid="11" ordinal="4" offset="31" sl="28" sc="13" el="28" ec="56" bec="0" bev="0" fileid="1" />
                <SequencePoint vc="1" uspid="12" ordinal="5" offset="44" sl="29" sc="9" el="29" ec="10" bec="0" bev="0" fileid="1" />
              </SequencePoints>
              <BranchPoints />
              <MethodPoint xsi:type="SequencePoint" vc="1" uspid="7" ordinal="0" offset="0" sl="22" sc="9" el="22" ec="10" bec="0" bev="0" fileid="1" />
            </Method>
            <Method visited="true" cyclomaticComplexity="1" nPathComplexity="0" sequenceCoverage="100" branchCoverage="100" crapScore="1" isConstructor="false" isStatic="false" isGetter="false" isSetter="false">
              <Summary numSequencePoints="6" visitedSequencePoints="6" numBranchPoints="1" visitedBranchPoints="1" sequenceCoverage="100" branchCoverage="100" maxCyclomaticComplexity="1" minCyclomaticComplexity="1" maxCrapScore="1" minCrapScore="1" visitedClasses="0" numClasses="0" visitedMethods="1" numMethods="1" />
              <MetadataToken>100663299</MetadataToken>
              <Name>System.Void PokerTestws.JogoTest::VerificarDoisPares()</Name>
              <FileRef uid="1" />
              <SequencePoints>
                <SequencePoint vc="1" uspid="13" ordinal="0" offset="0" sl="33" sc="9" el="33" ec="10" bec="0" bev="0" fileid="1" />
                <SequencePoint vc="1" uspid="14" ordinal="1" offset="1" sl="34" sc="13" el="34" ec="62" bec="0" bev="0" fileid="1" />
                <SequencePoint vc="1" uspid="15" ordinal="2" offset="12" sl="35" sc="13" el="35" ec="62" bec="0" bev="0" fileid="1" />
                <SequencePoint vc="1" uspid="16" ordinal="3" offset="23" sl="37" sc="13" el="37" ec="54" bec="0" bev="0" fileid="1" />
                <SequencePoint vc="1" uspid="17" ordinal="4" offset="31" sl="39" sc="13" el="39" ec="56" bec="0" bev="0" fileid="1" />
                <SequencePoint vc="1" uspid="18" ordinal="5" offset="44" sl="40" sc="9" el="40" ec="10" bec="0" bev="0" fileid="1" />
              </SequencePoints>
              <BranchPoints />
              <MethodPoint xsi:type="SequencePoint" vc="1" uspid="13" ordinal="0" offset="0" sl="33" sc="9" el="33" ec="10" bec="0" bev="0" fileid="1" />
            </Method>
            <Method visited="true" cyclomaticComplexity="1" nPathComplexity="0" sequenceCoverage="100" branchCoverage="100" crapScore="1" isConstructor="false" isStatic="false" isGetter="false" isSetter="false">
              <Summary numSequencePoints="6" visitedSequencePoints="6" numBranchPoints="1" visitedBranchPoints="1" sequenceCoverage="100" branchCoverage="100" maxCyclomaticComplexity="1" minCyclomaticComplexity="1" maxCrapScore="1" minCrapScore="1" visitedClasses="0" numClasses="0" visitedMethods="1" numMethods="1" />
              <MetadataToken>100663300</MetadataToken>
              <Name>System.Void PokerTestws.JogoTest::VerificarTrincaEDoisPares()</Name>
              <FileRef uid="1" />
              <SequencePoints>
                <SequencePoint vc="1" uspid="19" ordinal="0" offset="0" sl="44" sc="9" el="44" ec="10" bec="0" bev="0" fileid="1" />
                <SequencePoint vc="1" uspid="20" ordinal="1" offset="1" sl="45" sc="13" el="45" ec="62" bec="0" bev="0" fileid="1" />
                <SequencePoint vc="1" uspid="21" ordinal="2" offset="12" sl="46" sc="13" el="46" ec="62" bec="0" bev="0" fileid="1" />
                <SequencePoint vc="1" uspid="22" ordinal="3" offset="23" sl="48" sc="13" el="48" ec="54" bec="0" bev="0" fileid="1" />
                <SequencePoint vc="1" uspid="23" ordinal="4" offset="31" sl="50" sc="13" el="50" ec="56" bec="0" bev="0" fileid="1" />
                <SequencePoint vc="1" uspid="24" ordinal="5" offset="44" sl="51" sc="9" el="51" ec="10" bec="0" bev="0" fileid="1" />
              </SequencePoints>
              <BranchPoints />
              <MethodPoint xsi:type="SequencePoint" vc="1" uspid="19" ordinal="0" offset="0" sl="44" sc="9" el="44" ec="10" bec="0" bev="0" fileid="1" />
            </Method>
            <Method visited="true" cyclomaticComplexity="1" nPathComplexity="0" sequenceCoverage="100" branchCoverage="100" crapScore="1" isConstructor="false" isStatic="false" isGetter="false" isSetter="false">
              <Summary numSequencePoints="6" visitedSequencePoints="6" numBranchPoints="1" visitedBranchPoints="1" sequenceCoverage="100" branchCoverage="100" maxCyclomaticComplexity="1" minCyclomaticComplexity="1" maxCrapScore="1" minCrapScore="1" visitedClasses="0" numClasses="0" visitedMethods="1" numMethods="1" />
              <MetadataToken>100663301</MetadataToken>
              <Name>System.Void PokerTestws.JogoTest::VerificarSequencia()</Name>
              <FileRef uid="1" />
              <SequencePoints>
                <SequencePoint vc="1" uspid="25" ordinal="0" offset="0" sl="55" sc="9" el="55" ec="10" bec="0" bev="0" fileid="1" />
                <SequencePoint vc="1" uspid="26" ordinal="1" offset="1" sl="56" sc="13" el="56" ec="62" bec="0" bev="0" fileid="1" />
                <SequencePoint vc="1" uspid="27" ordinal="2" offset="12" sl="57" sc="13" el="57" ec="62" bec="0" bev="0" fileid="1" />
                <SequencePoint vc="1" uspid="28" ordinal="3" offset="23" sl="59" sc="13" el="59" ec="54" bec="0" bev="0" fileid="1" />
                <SequencePoint vc="1" uspid="29" ordinal="4" offset="31" sl="61" sc="13" el="61" ec="56" bec="0" bev="0" fileid="1" />
                <SequencePoint vc="1" uspid="30" ordinal="5" offset="44" sl="62" sc="9" el="62" ec="10" bec="0" bev="0" fileid="1" />
              </SequencePoints>
              <BranchPoints />
              <MethodPoint xsi:type="SequencePoint" vc="1" uspid="25" ordinal="0" offset="0" sl="55" sc="9" el="55" ec="10" bec="0" bev="0" fileid="1" />
            </Method>
            <Method visited="true" cyclomaticComplexity="1" nPathComplexity="0" sequenceCoverage="100" branchCoverage="100" crapScore="1" isConstructor="false" isStatic="false" isGetter="false" isSetter="false">
              <Summary numSequencePoints="6" visitedSequencePoints="6" numBranchPoints="1" visitedBranchPoints="1" sequenceCoverage="100" branchCoverage="100" maxCyclomaticComplexity="1" minCyclomaticComplexity="1" maxCrapScore="1" minCrapScore="1" visitedClasses="0" numClasses="0" visitedMethods="1" numMethods="1" />
              <MetadataToken>100663302</MetadataToken>
              <Name>System.Void PokerTestws.JogoTest::VerificarFlushESequencia()</Name>
              <FileRef uid="1" />
              <SequencePoints>
                <SequencePoint vc="1" uspid="31" ordinal="0" offset="0" sl="66" sc="9" el="66" ec="10" bec="0" bev="0" fileid="1" />
                <SequencePoint vc="1" uspid="32" ordinal="1" offset="1" sl="67" sc="13" el="67" ec="62" bec="0" bev="0" fileid="1" />
                <SequencePoint vc="1" uspid="33" ordinal="2" offset="12" sl="68" sc="13" el="68" ec="62" bec="0" bev="0" fileid="1" />
                <SequencePoint vc="1" uspid="34" ordinal="3" offset="23" sl="70" sc="13" el="70" ec="54" bec="0" bev="0" fileid="1" />
                <SequencePoint vc="1" uspid="35" ordinal="4" offset="31" sl="72" sc="13" el="72" ec="56" bec="0" bev="0" fileid="1" />
                <SequencePoint vc="1" uspid="36" ordinal="5" offset="44" sl="73" sc="9" el="73" ec="10" bec="0" bev="0" fileid="1" />
              </SequencePoints>
              <BranchPoints />
              <MethodPoint xsi:type="SequencePoint" vc="1" uspid="31" ordinal="0" offset="0" sl="66" sc="9" el="66" ec="10" bec="0" bev="0" fileid="1" />
            </Method>
            <Method visited="true" cyclomaticComplexity="1" nPathComplexity="0" sequenceCoverage="100" branchCoverage="100" crapScore="1" isConstructor="false" isStatic="false" isGetter="false" isSetter="false">
              <Summary numSequencePoints="6" visitedSequencePoints="6" numBranchPoints="1" visitedBranchPoints="1" sequenceCoverage="100" branchCoverage="100" maxCyclomaticComplexity="1" minCyclomaticComplexity="1" maxCrapScore="1" minCrapScore="1" visitedClasses="0" numClasses="0" visitedMethods="1" numMethods="1" />
              <MetadataToken>100663303</MetadataToken>
              <Name>System.Void PokerTestws.JogoTest::VerificarFullHouseEFlush()</Name>
              <FileRef uid="1" />
              <SequencePoints>
                <SequencePoint vc="1" uspid="37" ordinal="0" offset="0" sl="77" sc="9" el="77" ec="10" bec="0" bev="0" fileid="1" />
                <SequencePoint vc="1" uspid="38" ordinal="1" offset="1" sl="78" sc="13" el="78" ec="62" bec="0" bev="0" fileid="1" />
                <SequencePoint vc="1" uspid="39" ordinal="2" offset="12" sl="79" sc="13" el="79" ec="62" bec="0" bev="0" fileid="1" />
                <SequencePoint vc="1" uspid="40" ordinal="3" offset="23" sl="81" sc="13" el="81" ec="54" bec="0" bev="0" fileid="1" />
                <SequencePoint vc="1" uspid="41" ordinal="4" offset="31" sl="83" sc="13" el="83" ec="56" bec="0" bev="0" fileid="1" />
                <SequencePoint vc="1" uspid="42" ordinal="5" offset="44" sl="84" sc="9" el="84" ec="10" bec="0" bev="0" fileid="1" />
              </SequencePoints>
              <BranchPoints />
              <MethodPoint xsi:type="SequencePoint" vc="1" uspid="37" ordinal="0" offset="0" sl="77" sc="9" el="77" ec="10" bec="0" bev="0" fileid="1" />
            </Method>
            <Method visited="true" cyclomaticComplexity="1" nPathComplexity="0" sequenceCoverage="100" branchCoverage="100" crapScore="1" isConstructor="false" isStatic="false" isGetter="false" isSetter="false">
              <Summary numSequencePoints="6" visitedSequencePoints="6" numBranchPoints="1" visitedBranchPoints="1" sequenceCoverage="100" branchCoverage="100" maxCyclomaticComplexity="1" minCyclomaticComplexity="1" maxCrapScore="1" minCrapScore="1" visitedClasses="0" numClasses="0" visitedMethods="1" numMethods="1" />
              <MetadataToken>100663304</MetadataToken>
              <Name>System.Void PokerTestws.JogoTest::VerificarQuadraEFullHouse()</Name>
              <FileRef uid="1" />
              <SequencePoints>
                <SequencePoint vc="1" uspid="43" ordinal="0" offset="0" sl="88" sc="9" el="88" ec="10" bec="0" bev="0" fileid="1" />
                <SequencePoint vc="1" uspid="44" ordinal="1" offset="1" sl="89" sc="13" el="89" ec="62" bec="0" bev="0" fileid="1" />
                <SequencePoint vc="1" uspid="45" ordinal="2" offset="12" sl="90" sc="13" el="90" ec="62" bec="0" bev="0" fileid="1" />
                <SequencePoint vc="1" uspid="46" ordinal="3" offset="23" sl="92" sc="13" el="92" ec="54" bec="0" bev="0" fileid="1" />
                <SequencePoint vc="1" uspid="47" ordinal="4" offset="31" sl="94" sc="13" el="94" ec="56" bec="0" bev="0" fileid="1" />
                <SequencePoint vc="1" uspid="48" ordinal="5" offset="44" sl="95" sc="9" el="95" ec="10" bec="0" bev="0" fileid="1" />
              </SequencePoints>
              <BranchPoints />
              <MethodPoint xsi:type="SequencePoint" vc="1" uspid="43" ordinal="0" offset="0" sl="88" sc="9" el="88" ec="10" bec="0" bev="0" fileid="1" />
            </Method>
            <Method visited="true" cyclomaticComplexity="1" nPathComplexity="0" sequenceCoverage="100" branchCoverage="100" crapScore="1" isConstructor="false" isStatic="false" isGetter="false" isSetter="false">
              <Summary numSequencePoints="6" visitedSequencePoints="6" numBranchPoints="1" visitedBranchPoints="1" sequenceCoverage="100" branchCoverage="100" maxCyclomaticComplexity="1" minCyclomaticComplexity="1" maxCrapScore="1" minCrapScore="1" visitedClasses="0" numClasses="0" visitedMethods="1" numMethods="1" />
              <MetadataToken>100663305</MetadataToken>
              <Name>System.Void PokerTestws.JogoTest::VerificarStrainghtFlushEQuadra()</Name>
              <FileRef uid="1" />
              <SequencePoints>
                <SequencePoint vc="1" uspid="49" ordinal="0" offset="0" sl="99" sc="9" el="99" ec="10" bec="0" bev="0" fileid="1" />
                <SequencePoint vc="1" uspid="50" ordinal="1" offset="1" sl="100" sc="13" el="100" ec="62" bec="0" bev="0" fileid="1" />
                <SequencePoint vc="1" uspid="51" ordinal="2" offset="12" sl="101" sc="13" el="101" ec="62" bec="0" bev="0" fileid="1" />
                <SequencePoint vc="1" uspid="52" ordinal="3" offset="23" sl="103" sc="13" el="103" ec="54" bec="0" bev="0" fileid="1" />
                <SequencePoint vc="1" uspid="53" ordinal="4" offset="31" sl="105" sc="13" el="105" ec="56" bec="0" bev="0" fileid="1" />
                <SequencePoint vc="1" uspid="54" ordinal="5" offset="44" sl="106" sc="9" el="106" ec="10" bec="0" bev="0" fileid="1" />
              </SequencePoints>
              <BranchPoints />
              <MethodPoint xsi:type="SequencePoint" vc="1" uspid="49" ordinal="0" offset="0" sl="99" sc="9" el="99" ec="10" bec="0" bev="0" fileid="1" />
            </Method>
            <Method visited="true" cyclomaticComplexity="1" nPathComplexity="0" sequenceCoverage="100" branchCoverage="100" crapScore="1" isConstructor="false" isStatic="false" isGetter="false" isSetter="false">
              <Summary numSequencePoints="6" visitedSequencePoints="6" numBranchPoints="1" visitedBranchPoints="1" sequenceCoverage="100" branchCoverage="100" maxCyclomaticComplexity="1" minCyclomaticComplexity="1" maxCrapScore="1" minCrapScore="1" visitedClasses="0" numClasses="0" visitedMethods="1" numMethods="1" />
              <MetadataToken>100663306</MetadataToken>
              <Name>System.Void PokerTestws.JogoTest::VerificarRoyalFlushEStraightFlush()</Name>
              <FileRef uid="1" />
              <SequencePoints>
                <SequencePoint vc="1" uspid="55" ordinal="0" offset="0" sl="109" sc="9" el="109" ec="10" bec="0" bev="0" fileid="1" />
                <SequencePoint vc="1" uspid="56" ordinal="1" offset="1" sl="110" sc="13" el="110" ec="62" bec="0" bev="0" fileid="1" />
                <SequencePoint vc="1" uspid="57" ordinal="2" offset="12" sl="111" sc="13" el="111" ec="62" bec="0" bev="0" fileid="1" />
                <SequencePoint vc="1" uspid="58" ordinal="3" offset="23" sl="113" sc="13" el="113" ec="54" bec="0" bev="0" fileid="1" />
                <SequencePoint vc="1" uspid="59" ordinal="4" offset="31" sl="115" sc="13" el="115" ec="56" bec="0" bev="0" fileid="1" />
                <SequencePoint vc="1" uspid="60" ordinal="5" offset="44" sl="116" sc="9" el="116" ec="10" bec="0" bev="0" fileid="1" />
              </SequencePoints>
              <BranchPoints />
              <MethodPoint xsi:type="SequencePoint" vc="1" uspid="55" ordinal="0" offset="0" sl="109" sc="9" el="109" ec="10" bec="0" bev="0" fileid="1" />
            </Method>
            <Method visited="true" cyclomaticComplexity="1" nPathComplexity="0" sequenceCoverage="100" branchCoverage="100" crapScore="1" isConstructor="false" isStatic="false" isGetter="false" isSetter="false">
              <Summary numSequencePoints="6" visitedSequencePoints="6" numBranchPoints="1" visitedBranchPoints="1" sequenceCoverage="100" branchCoverage="100" maxCyclomaticComplexity="1" minCyclomaticComplexity="1" maxCrapScore="1" minCrapScore="1" visitedClasses="0" numClasses="0" visitedMethods="1" numMethods="1" />
              <MetadataToken>100663307</MetadataToken>
              <Name>System.Void PokerTestws.JogoTest::VerificarFlushETrinca()</Name>
              <FileRef uid="1" />
              <SequencePoints>
                <SequencePoint vc="1" uspid="61" ordinal="0" offset="0" sl="120" sc="9" el="120" ec="10" bec="0" bev="0" fileid="1" />
                <SequencePoint vc="1" uspid="62" ordinal="1" offset="1" sl="121" sc="13" el="121" ec="62" bec="0" bev="0" fileid="1" />
                <SequencePoint vc="1" uspid="63" ordinal="2" offset="12" sl="122" sc="13" el="122" ec="62" bec="0" bev="0" fileid="1" />
                <SequencePoint vc="1" uspid="64" ordinal="3" offset="23" sl="124" sc="13" el="124" ec="54" bec="0" bev="0" fileid="1" />
                <SequencePoint vc="1" uspid="65" ordinal="4" offset="31" sl="126" sc="13" el="126" ec="56" bec="0" bev="0" fileid="1" />
                <SequencePoint vc="1" uspid="66" ordinal="5" offset="44" sl="127" sc="9" el="127" ec="10" bec="0" bev="0" fileid="1" />
              </SequencePoints>
              <BranchPoints />
              <MethodPoint xsi:type="SequencePoint" vc="1" uspid="61" ordinal="0" offset="0" sl="120" sc="9" el="120" ec="10" bec="0" bev="0" fileid="1" />
            </Method>
            <Method visited="true" cyclomaticComplexity="1" nPathComplexity="0" sequenceCoverage="100" branchCoverage="100" crapScore="1" isConstructor="false" isStatic="false" isGetter="false" isSetter="false">
              <Summary numSequencePoints="6" visitedSequencePoints="6" numBranchPoints="1" visitedBranchPoints="1" sequenceCoverage="100" branchCoverage="100" maxCyclomaticComplexity="1" minCyclomaticComplexity="1" maxCrapScore="1" minCrapScore="1" visitedClasses="0" numClasses="0" visitedMethods="1" numMethods="1" />
              <MetadataToken>100663308</MetadataToken>
              <Name>System.Void PokerTestws.JogoTest::VerificarEmpateParCartaMaisAlta()</Name>
              <FileRef uid="1" />
              <SequencePoints>
                <SequencePoint vc="1" uspid="67" ordinal="0" offset="0" sl="131" sc="9" el="131" ec="10" bec="0" bev="0" fileid="1" />
                <SequencePoint vc="1" uspid="68" ordinal="1" offset="1" sl="132" sc="13" el="132" ec="62" bec="0" bev="0" fileid="1" />
                <SequencePoint vc="1" uspid="69" ordinal="2" offset="12" sl="133" sc="13" el="133" ec="62" bec="0" bev="0" fileid="1" />
                <SequencePoint vc="1" uspid="70" ordinal="3" offset="23" sl="135" sc="13" el="135" ec="54" bec="0" bev="0" fileid="1" />
                <SequencePoint vc="1" uspid="71" ordinal="4" offset="31" sl="137" sc="13" el="137" ec="56" bec="0" bev="0" fileid="1" />
                <SequencePoint vc="1" uspid="72" ordinal="5" offset="44" sl="138" sc="9" el="138" ec="10" bec="0" bev="0" fileid="1" />
              </SequencePoints>
              <BranchPoints />
              <MethodPoint xsi:type="SequencePoint" vc="1" uspid="67" ordinal="0" offset="0" sl="131" sc="9" el="131" ec="10" bec="0" bev="0" fileid="1" />
            </Method>
            <Method visited="true" cyclomaticComplexity="1" nPathComplexity="0" sequenceCoverage="100" branchCoverage="100" crapScore="1" isConstructor="false" isStatic="false" isGetter="false" isSetter="false">
              <Summary numSequencePoints="6" visitedSequencePoints="6" numBranchPoints="1" visitedBranchPoints="1" sequenceCoverage="100" branchCoverage="100" maxCyclomaticComplexity="1" minCyclomaticComplexity="1" maxCrapScore="1" minCrapScore="1" visitedClasses="0" numClasses="0" visitedMethods="1" numMethods="1" />
              <MetadataToken>100663309</MetadataToken>
              <Name>System.Void PokerTestws.JogoTest::EmpateDeFullHouse()</Name>
              <FileRef uid="1" />
              <SequencePoints>
                <SequencePoint vc="1" uspid="73" ordinal="0" offset="0" sl="142" sc="9" el="142" ec="10" bec="0" bev="0" fileid="1" />
                <SequencePoint vc="1" uspid="74" ordinal="1" offset="1" sl="143" sc="13" el="143" ec="62" bec="0" bev="0" fileid="1" />
                <SequencePoint vc="1" uspid="75" ordinal="2" offset="12" sl="144" sc="13" el="144" ec="62" bec="0" bev="0" fileid="1" />
                <SequencePoint vc="1" uspid="76" ordinal="3" offset="23" sl="146" sc="13" el="146" ec="54" bec="0" bev="0" fileid="1" />
                <SequencePoint vc="1" uspid="77" ordinal="4" offset="31" sl="148" sc="13" el="148" ec="56" bec="0" bev="0" fileid="1" />
                <SequencePoint vc="1" uspid="78" ordinal="5" offset="44" sl="149" sc="9" el="149" ec="10" bec="0" bev="0" fileid="1" />
              </SequencePoints>
              <BranchPoints />
              <MethodPoint xsi:type="SequencePoint" vc="1" uspid="73" ordinal="0" offset="0" sl="142" sc="9" el="142" ec="10" bec="0" bev="0" fileid="1" />
            </Method>
            <Method visited="false" cyclomaticComplexity="1" nPathComplexity="0" sequenceCoverage="0" branchCoverage="0" crapScore="2" isConstructor="true" isStatic="false" isGetter="false" isSetter="false">
              <Summary numSequencePoints="0" visitedSequencePoints="0" numBranchPoints="0" visitedBranchPoints="0" sequenceCoverage="0" branchCoverage="0" maxCyclomaticComplexity="1" minCyclomaticComplexity="1" maxCrapScore="2" minCrapScore="2" visitedClasses="0" numClasses="0" visitedMethods="0" numMethods="0" />
              <MetadataToken>100663310</MetadataToken>
              <Name>System.Void PokerTestws.JogoTest::.ctor()</Name>
              <SequencePoints />
              <BranchPoints />
              <MethodPoint vc="0" uspid="79" ordinal="0" offset="0" />
            </Method>
          </Methods>
        </Class>
        <Class>
          <Summary numSequencePoints="64" visitedSequencePoints="64" numBranchPoints="11" visitedBranchPoints="11" sequenceCoverage="100" branchCoverage="100" maxCyclomaticComplexity="1" minCyclomaticComplexity="1" maxCrapScore="2" minCrapScore="1" visitedClasses="1" numClasses="1" visitedMethods="11" numMethods="11" />
          <FullName>PokerTestws.JogadorTest</FullName>
          <Methods>
            <Method visited="true" cyclomaticComplexity="1" nPathComplexity="0" sequenceCoverage="100" branchCoverage="100" crapScore="1" isConstructor="false" isStatic="false" isGetter="false" isSetter="false">
              <Summary numSequencePoints="14" visitedSequencePoints="14" numBranchPoints="1" visitedBranchPoints="1" sequenceCoverage="100" branchCoverage="100" maxCyclomaticComplexity="1" minCyclomaticComplexity="1" maxCrapScore="1" minCrapScore="1" visitedClasses="0" numClasses="0" visitedMethods="1" numMethods="1" />
              <MetadataToken>100663311</MetadataToken>
              <Name>System.Void PokerTestws.JogadorTest::DeveCriarDeck()</Name>
              <FileRef uid="2" />
              <SequencePoints>
                <SequencePoint vc="1" uspid="80" ordinal="0" offset="0" sl="15" sc="9" el="15" ec="10" bec="0" bev="0" fileid="2" />
                <SequencePoint vc="1" uspid="81" ordinal="1" offset="1" sl="16" sc="13" el="16" ec="44" bec="0" bev="0" fileid="2" />
                <SequencePoint vc="1" uspid="82" ordinal="2" offset="7" sl="18" sc="13" el="18" ec="49" bec="0" bev="0" fileid="2" />
                <SequencePoint vc="1" uspid="83" ordinal="3" offset="14" sl="20" sc="13" el="20" ec="57" bec="0" bev="0" fileid="2" />
                <SequencePoint vc="1" uspid="84" ordinal="4" offset="38" sl="21" sc="13" el="21" ec="57" bec="0" bev="0" fileid="2" />
                <SequencePoint vc="1" uspid="85" ordinal="5" offset="62" sl="23" sc="13" el="23" ec="57" bec="0" bev="0" fileid="2" />
                <SequencePoint vc="1" uspid="86" ordinal="6" offset="86" sl="24" sc="13" el="24" ec="57" bec="0" bev="0" fileid="2" />
                <SequencePoint vc="1" uspid="87" ordinal="7" offset="110" sl="26" sc="13" el="26" ec="57" bec="0" bev="0" fileid="2" />
                <SequencePoint vc="1" uspid="88" ordinal="8" offset="134" sl="27" sc="13" el="27" ec="57" bec="0" bev="0" fileid="2" />
                <SequencePoint vc="1" uspid="89" ordinal="9" offset="158" sl="29" sc="13" el="29" ec="57" bec="0" bev="0" fileid="2" />
                <SequencePoint vc="1" uspid="90" ordinal="10" offset="182" sl="30" sc="13" el="30" ec="57" bec="0" bev="0" fileid="2" />
                <SequencePoint vc="1" uspid="91" ordinal="11" offset="206" sl="32" sc="13" el="32" ec="57" bec="0" bev="0" fileid="2" />
                <SequencePoint vc="1" uspid="92" ordinal="12" offset="230" sl="33" sc="13" el="33" ec="57" bec="0" bev="0" fileid="2" />
                <SequencePoint vc="1" uspid="93" ordinal="13" offset="254" sl="34" sc="9" el="34" ec="10" bec="0" bev="0" fileid="2" />
              </SequencePoints>
              <BranchPoints />
              <MethodPoint xsi:type="SequencePoint" vc="1" uspid="80" ordinal="0" offset="0" sl="15" sc="9" el="15" ec="10" bec="0" bev="0" fileid="2" />
            </Method>
            <Method visited="true" cyclomaticComplexity="1" nPathComplexity="0" sequenceCoverage="100" branchCoverage="100" crapScore="1" isConstructor="false" isStatic="false" isGetter="false" isSetter="false">
              <Summary numSequencePoints="5" visitedSequencePoints="5" numBranchPoints="1" visitedBranchPoints="1" sequenceCoverage="100" branchCoverage="100" maxCyclomaticComplexity="1" minCyclomaticComplexity="1" maxCrapScore="1" minCrapScore="1" visitedClasses="0" numClasses="0" visitedMethods="1" numMethods="1" />
              <MetadataToken>100663312</MetadataToken>
              <Name>System.Void PokerTestws.JogadorTest::DeveRetornarCartaMaisAltaA()</Name>
              <FileRef uid="2" />
              <SequencePoints>
                <SequencePoint vc="1" uspid="94" ordinal="0" offset="0" sl="37" sc="9" el="37" ec="10" bec="0" bev="0" fileid="2" />
                <SequencePoint vc="1" uspid="95" ordinal="1" offset="1" sl="38" sc="13" el="38" ec="61" bec="0" bev="0" fileid="2" />
                <SequencePoint vc="1" uspid="96" ordinal="2" offset="12" sl="39" sc="13" el="39" ec="82" bec="0" bev="0" fileid="2" />
                <SequencePoint vc="1" uspid="97" ordinal="3" offset="19" sl="41" sc="13" el="41" ec="59" bec="0" bev="0" fileid="2" />
                <SequencePoint vc="1" uspid="98" ordinal="4" offset="40" sl="42" sc="9" el="42" ec="10" bec="0" bev="0" fileid="2" />
              </SequencePoints>
              <BranchPoints />
              <MethodPoint xsi:type="SequencePoint" vc="1" uspid="94" ordinal="0" offset="0" sl="37" sc="9" el="37" ec="10" bec="0" bev="0" fileid="2" />
            </Method>
            <Method visited="true" cyclomaticComplexity="1" nPathComplexity="0" sequenceCoverage="100" branchCoverage="100" crapScore="1" isConstructor="false" isStatic="false" isGetter="false" isSetter="false">
              <Summary numSequencePoints="5" visitedSequencePoints="5" numBranchPoints="1" visitedBranchPoints="1" sequenceCoverage="100" branchCoverage="100" maxCyclomaticComplexity="1" minCyclomaticComplexity="1" maxCrapScore="1" minCrapScore="1" visitedClasses="0" numClasses="0" visitedMethods="1" numMethods="1" />
              <MetadataToken>100663313</MetadataToken>
              <Name>System.Void PokerTestws.JogadorTest::DeveRetornarParComReis()</Name>
              <FileRef uid="2" />
              <SequencePoints>
                <SequencePoint vc="1" uspid="99" ordinal="0" offset="0" sl="46" sc="9" el="46" ec="10" bec="0" bev="0" fileid="2" />
                <SequencePoint vc="1" uspid="100" ordinal="1" offset="1" sl="47" sc="13" el="47" ec="61" bec="0" bev="0" fileid="2" />
                <SequencePoint vc="1" uspid="101" ordinal="2" offset="12" sl="48" sc="13" el="48" ec="82" bec="0" bev="0" fileid="2" />
                <SequencePoint vc="1" uspid="102" ordinal="3" offset="19" sl="50" sc="13" el="50" ec="52" bec="0" bev="0" fileid="2" />
                <SequencePoint vc="1" uspid="103" ordinal="4" offset="37" sl="51" sc="9" el="51" ec="10" bec="0" bev="0" fileid="2" />
              </SequencePoints>
              <BranchPoints />
              <MethodPoint xsi:type="SequencePoint" vc="1" uspid="99" ordinal="0" offset="0" sl="46" sc="9" el="46" ec="10" bec="0" bev="0" fileid="2" />
            </Method>
            <Method visited="true" cyclomaticComplexity="1" nPathComplexity="0" sequenceCoverage="100" branchCoverage="100" crapScore="1" isConstructor="false" isStatic="false" isGetter="false" isSetter="false">
              <Summary numSequencePoints="5" visitedSequencePoints="5" numBranchPoints="1" visitedBranchPoints="1" sequenceCoverage="100" branchCoverage="100" maxCyclomaticComplexity="1" minCyclomaticComplexity="1" maxCrapScore="1" minCrapScore="1" visitedClasses="0" numClasses="0" visitedMethods="1" numMethods="1" />
              <MetadataToken>100663314</MetadataToken>
              <Name>System.Void PokerTestws.JogadorTest::DeveRetornarDoisParesDamaEValete()</Name>
              <FileRef uid="2" />
              <SequencePoints>
                <SequencePoint vc="1" uspid="104" ordinal="0" offset="0" sl="55" sc="9" el="55" ec="10" bec="0" bev="0" fileid="2" />
                <SequencePoint vc="1" uspid="105" ordinal="1" offset="1" sl="56" sc="13" el="56" ec="61" bec="0" bev="0" fileid="2" />
                <SequencePoint vc="1" uspid="106" ordinal="2" offset="12" sl="57" sc="13" el="57" ec="82" bec="0" bev="0" fileid="2" />
                <SequencePoint vc="1" uspid="107" ordinal="3" offset="19" sl="59" sc="13" el="59" ec="58" bec="0" bev="0" fileid="2" />
                <SequencePoint vc="1" uspid="108" ordinal="4" offset="36" sl="60" sc="9" el="60" ec="10" bec="0" bev="0" fileid="2" />
              </SequencePoints>
              <BranchPoints />
              <MethodPoint xsi:type="SequencePoint" vc="1" uspid="104" ordinal="0" offset="0" sl="55" sc="9" el="55" ec="10" bec="0" bev="0" fileid="2" />
            </Method>
            <Method visited="true" cyclomaticComplexity="1" nPathComplexity="0" sequenceCoverage="100" branchCoverage="100" crapScore="1" isConstructor="false" isStatic="false" isGetter="false" isSetter="false">
              <Summary numSequencePoints="5" visitedSequencePoints="5" numBranchPoints="1" visitedBranchPoints="1" sequenceCoverage="100" branchCoverage="100" maxCyclomaticComplexity="1" minCyclomaticComplexity="1" maxCrapScore="1" minCrapScore="1" visitedClasses="0" numClasses="0" visitedMethods="1" numMethods="1" />
              <MetadataToken>100663315</MetadataToken>
              <Name>System.Void PokerTestws.JogadorTest::DeveRetornarTrincaDeDez()</Name>
              <FileRef uid="2" />
              <SequencePoints>
                <SequencePoint vc="1" uspid="109" ordinal="0" offset="0" sl="64" sc="9" el="64" ec="10" bec="0" bev="0" fileid="2" />
                <SequencePoint vc="1" uspid="110" ordinal="1" offset="1" sl="65" sc="13" el="65" ec="61" bec="0" bev="0" fileid="2" />
                <SequencePoint vc="1" uspid="111" ordinal="2" offset="12" sl="66" sc="13" el="66" ec="82" bec="0" bev="0" fileid="2" />
                <SequencePoint vc="1" uspid="112" ordinal="3" offset="19" sl="68" sc="13" el="68" ec="55" bec="0" bev="0" fileid="2" />
                <SequencePoint vc="1" uspid="113" ordinal="4" offset="36" sl="69" sc="9" el="69" ec="10" bec="0" bev="0" fileid="2" />
              </SequencePoints>
              <BranchPoints />
              <MethodPoint xsi:type="SequencePoint" vc="1" uspid="109" ordinal="0" offset="0" sl="64" sc="9" el="64" ec="10" bec="0" bev="0" fileid="2" />
            </Method>
            <Method visited="true" cyclomaticComplexity="1" nPathComplexity="0" sequenceCoverage="100" branchCoverage="100" crapScore="1" isConstructor="false" isStatic="false" isGetter="false" isSetter="false">
              <Summary numSequencePoints="5" visitedSequencePoints="5" numBranchPoints="1" visitedBranchPoints="1" sequenceCoverage="100" branchCoverage="100" maxCyclomaticComplexity="1" minCyclomaticComplexity="1" maxCrapScore="1" minCrapScore="1" visitedClasses="0" numClasses="0" visitedMethods="1" numMethods="1" />
              <MetadataToken>100663316</MetadataToken>
              <Name>System.Void PokerTestws.JogadorTest::DeveRetornarSequencia()</Name>
              <FileRef uid="2" />
              <SequencePoints>
                <SequencePoint vc="1" uspid="114" ordinal="0" offset="0" sl="73" sc="9" el="73" ec="10" bec="0" bev="0" fileid="2" />
                <SequencePoint vc="1" uspid="115" ordinal="1" offset="1" sl="74" sc="13" el="74" ec="61" bec="0" bev="0" fileid="2" />
                <SequencePoint vc="1" uspid="116" ordinal="2" offset="12" sl="75" sc="13" el="75" ec="82" bec="0" bev="0" fileid="2" />
                <SequencePoint vc="1" uspid="117" ordinal="3" offset="19" sl="77" sc="13" el="77" ec="58" bec="0" bev="0" fileid="2" />
                <SequencePoint vc="1" uspid="118" ordinal="4" offset="40" sl="78" sc="9" el="78" ec="10" bec="0" bev="0" fileid="2" />
              </SequencePoints>
              <BranchPoints />
              <MethodPoint xsi:type="SequencePoint" vc="1" uspid="114" ordinal="0" offset="0" sl="73" sc="9" el="73" ec="10" bec="0" bev="0" fileid="2" />
            </Method>
            <Method visited="true" cyclomaticComplexity="1" nPathComplexity="0" sequenceCoverage="100" branchCoverage="100" crapScore="1" isConstructor="false" isStatic="false" isGetter="false" isSetter="false">
              <Summary numSequencePoints="5" visitedSequencePoints="5" numBranchPoints="1" visitedBranchPoints="1" sequenceCoverage="100" branchCoverage="100" maxCyclomaticComplexity="1" minCyclomaticComplexity="1" maxCrapScore="1" minCrapScore="1" visitedClasses="0" numClasses="0" visitedMethods="1" numMethods="1" />
              <MetadataToken>100663317</MetadataToken>
              <Name>System.Void PokerTestws.JogadorTest::DeveRetornarFlush()</Name>
              <FileRef uid="2" />
              <SequencePoints>
                <SequencePoint vc="1" uspid="119" ordinal="0" offset="0" sl="82" sc="9" el="82" ec="10" bec="0" bev="0" fileid="2" />
                <SequencePoint vc="1" uspid="120" ordinal="1" offset="1" sl="83" sc="13" el="83" ec="61" bec="0" bev="0" fileid="2" />
                <SequencePoint vc="1" uspid="121" ordinal="2" offset="12" sl="84" sc="13" el="84" ec="82" bec="0" bev="0" fileid="2" />
                <SequencePoint vc="1" uspid="122" ordinal="3" offset="19" sl="86" sc="13" el="86" ec="54" bec="0" bev="0" fileid="2" />
                <SequencePoint vc="1" uspid="123" ordinal="4" offset="40" sl="87" sc="9" el="87" ec="10" bec="0" bev="0" fileid="2" />
              </SequencePoints>
              <BranchPoints />
              <MethodPoint xsi:type="SequencePoint" vc="1" uspid="119" ordinal="0" offset="0" sl="82" sc="9" el="82" ec="10" bec="0" bev="0" fileid="2" />
            </Method>
            <Method visited="true" cyclomaticComplexity="1" nPathComplexity="0" sequenceCoverage="100" branchCoverage="100" crapScore="1" isConstructor="false" isStatic="false" isGetter="false" isSetter="false">
              <Summary numSequencePoints="5" visitedSequencePoints="5" numBranchPoints="1" visitedBranchPoints="1" sequenceCoverage="100" branchCoverage="100" maxCyclomaticComplexity="1" minCyclomaticComplexity="1" maxCrapScore="1" minCrapScore="1" visitedClasses="0" numClasses="0" visitedMethods="1" numMethods="1" />
              <MetadataToken>100663318</MetadataToken>
              <Name>System.Void PokerTestws.JogadorTest::DeveRetornarFullHouse()</Name>
              <FileRef uid="2" />
              <SequencePoints>
                <SequencePoint vc="1" uspid="124" ordinal="0" offset="0" sl="91" sc="9" el="91" ec="10" bec="0" bev="0" fileid="2" />
                <SequencePoint vc="1" uspid="125" ordinal="1" offset="1" sl="92" sc="13" el="92" ec="61" bec="0" bev="0" fileid="2" />
                <SequencePoint vc="1" uspid="126" ordinal="2" offset="12" sl="93" sc="13" el="93" ec="82" bec="0" bev="0" fileid="2" />
                <SequencePoint vc="1" uspid="127" ordinal="3" offset="19" sl="95" sc="13" el="95" ec="58" bec="0" bev="0" fileid="2" />
                <SequencePoint vc="1" uspid="128" ordinal="4" offset="40" sl="96" sc="9" el="96" ec="10" bec="0" bev="0" fileid="2" />
              </SequencePoints>
              <BranchPoints />
              <MethodPoint xsi:type="SequencePoint" vc="1" uspid="124" ordinal="0" offset="0" sl="91" sc="9" el="91" ec="10" bec="0" bev="0" fileid="2" />
            </Method>
            <Method visited="true" cyclomaticComplexity="1" nPathComplexity="0" sequenceCoverage="100" branchCoverage="100" crapScore="1" isConstructor="false" isStatic="false" isGetter="false" isSetter="false">
              <Summary numSequencePoints="5" visitedSequencePoints="5" numBranchPoints="1" visitedBranchPoints="1" sequenceCoverage="100" branchCoverage="100" maxCyclomaticComplexity="1" minCyclomaticComplexity="1" maxCrapScore="1" minCrapScore="1" visitedClasses="0" numClasses="0" visitedMethods="1" numMethods="1" />
              <MetadataToken>100663319</MetadataToken>
              <Name>System.Void PokerTestws.JogadorTest::DeveRetornarQuadra()</Name>
              <FileRef uid="2" />
              <SequencePoints>
                <SequencePoint vc="1" uspid="129" ordinal="0" offset="0" sl="100" sc="9" el="100" ec="10" bec="0" bev="0" fileid="2" />
                <SequencePoint vc="1" uspid="130" ordinal="1" offset="1" sl="101" sc="13" el="101" ec="61" bec="0" bev="0" fileid="2" />
                <SequencePoint vc="1" uspid="131" ordinal="2" offset="12" sl="102" sc="13" el="102" ec="82" bec="0" bev="0" fileid="2" />
                <SequencePoint vc="1" uspid="132" ordinal="3" offset="19" sl="104" sc="13" el="104" ec="55" bec="0" bev="0" fileid="2" />
                <SequencePoint vc="1" uspid="133" ordinal="4" offset="36" sl="105" sc="9" el="105" ec="10" bec="0" bev="0" fileid="2" />
              </SequencePoints>
              <BranchPoints />
              <MethodPoint xsi:type="SequencePoint" vc="1" uspid="129" ordinal="0" offset="0" sl="100" sc="9" el="100" ec="10" bec="0" bev="0" fileid="2" />
            </Method>
            <Method visited="true" cyclomaticComplexity="1" nPathComplexity="0" sequenceCoverage="100" branchCoverage="100" crapScore="1" isConstructor="false" isStatic="false" isGetter="false" isSetter="false">
              <Summary numSequencePoints="5" visitedSequencePoints="5" numBranchPoints="1" visitedBranchPoints="1" sequenceCoverage="100" branchCoverage="100" maxCyclomaticComplexity="1" minCyclomaticComplexity="1" maxCrapScore="1" minCrapScore="1" visitedClasses="0" numClasses="0" visitedMethods="1" numMethods="1" />
              <MetadataToken>100663320</MetadataToken>
              <Name>System.Void PokerTestws.JogadorTest::DeveRetornarStraightFlush()</Name>
              <FileRef uid="2" />
              <SequencePoints>
                <SequencePoint vc="1" uspid="134" ordinal="0" offset="0" sl="109" sc="9" el="109" ec="10" bec="0" bev="0" fileid="2" />
                <SequencePoint vc="1" uspid="135" ordinal="1" offset="1" sl="110" sc="13" el="110" ec="61" bec="0" bev="0" fileid="2" />
                <SequencePoint vc="1" uspid="136" ordinal="2" offset="12" sl="111" sc="13" el="111" ec="82" bec="0" bev="0" fileid="2" />
                <SequencePoint vc="1" uspid="137" ordinal="3" offset="19" sl="113" sc="13" el="113" ec="62" bec="0" bev="0" fileid="2" />
                <SequencePoint vc="1" uspid="138" ordinal="4" offset="40" sl="114" sc="9" el="114" ec="10" bec="0" bev="0" fileid="2" />
              </SequencePoints>
              <BranchPoints />
              <MethodPoint xsi:type="SequencePoint" vc="1" uspid="134" ordinal="0" offset="0" sl="109" sc="9" el="109" ec="10" bec="0" bev="0" fileid="2" />
            </Method>
            <Method visited="true" cyclomaticComplexity="1" nPathComplexity="0" sequenceCoverage="100" branchCoverage="100" crapScore="1" isConstructor="false" isStatic="false" isGetter="false" isSetter="false">
              <Summary numSequencePoints="5" visitedSequencePoints="5" numBranchPoints="1" visitedBranchPoints="1" sequenceCoverage="100" branchCoverage="100" maxCyclomaticComplexity="1" minCyclomaticComplexity="1" maxCrapScore="1" minCrapScore="1" visitedClasses="0" numClasses="0" visitedMethods="1" numMethods="1" />
              <MetadataToken>100663321</MetadataToken>
              <Name>System.Void PokerTestws.JogadorTest::DeveRetornarRoyakFlush()</Name>
              <FileRef uid="2" />
              <SequencePoints>
                <SequencePoint vc="1" uspid="139" ordinal="0" offset="0" sl="118" sc="9" el="118" ec="10" bec="0" bev="0" fileid="2" />
                <SequencePoint vc="1" uspid="140" ordinal="1" offset="1" sl="119" sc="13" el="119" ec="61" bec="0" bev="0" fileid="2" />
                <SequencePoint vc="1" uspid="141" ordinal="2" offset="12" sl="120" sc="13" el="120" ec="82" bec="0" bev="0" fileid="2" />
                <SequencePoint vc="1" uspid="142" ordinal="3" offset="19" sl="122" sc="13" el="122" ec="59" bec="0" bev="0" fileid="2" />
                <SequencePoint vc="1" uspid="143" ordinal="4" offset="40" sl="123" sc="9" el="123" ec="10" bec="0" bev="0" fileid="2" />
              </SequencePoints>
              <BranchPoints />
              <MethodPoint xsi:type="SequencePoint" vc="1" uspid="139" ordinal="0" offset="0" sl="118" sc="9" el="118" ec="10" bec="0" bev="0" fileid="2" />
            </Method>
            <Method visited="false" cyclomaticComplexity="1" nPathComplexity="0" sequenceCoverage="0" branchCoverage="0" crapScore="2" isConstructor="true" isStatic="false" isGetter="false" isSetter="false">
              <Summary numSequencePoints="0" visitedSequencePoints="0" numBranchPoints="0" visitedBranchPoints="0" sequenceCoverage="0" branchCoverage="0" maxCyclomaticComplexity="1" minCyclomaticComplexity="1" maxCrapScore="2" minCrapScore="2" visitedClasses="0" numClasses="0" visitedMethods="0" numMethods="0" />
              <MetadataToken>100663322</MetadataToken>
              <Name>System.Void PokerTestws.JogadorTest::.ctor()</Name>
              <SequencePoints />
              <BranchPoints />
              <MethodPoint vc="0" uspid="144" ordinal="0" offset="0" />
            </Method>
          </Methods>
        </Class>
        <Class>
          <Summary numSequencePoints="6" visitedSequencePoints="6" numBranchPoints="1" visitedBranchPoints="1" sequenceCoverage="100" branchCoverage="100" maxCyclomaticComplexity="1" minCyclomaticComplexity="1" maxCrapScore="2" minCrapScore="1" visitedClasses="1" numClasses="1" visitedMethods="1" numMethods="1" />
          <FullName>PokerTestws.CartaTest</FullName>
          <Methods>
            <Method visited="true" cyclomaticComplexity="1" nPathComplexity="0" sequenceCoverage="100" branchCoverage="100" crapScore="1" isConstructor="false" isStatic="false" isGetter="false" isSetter="false">
              <Summary numSequencePoints="6" visitedSequencePoints="6" numBranchPoints="1" visitedBranchPoints="1" sequenceCoverage="100" branchCoverage="100" maxCyclomaticComplexity="1" minCyclomaticComplexity="1" maxCrapScore="1" minCrapScore="1" visitedClasses="0" numClasses="0" visitedMethods="1" numMethods="1" />
              <MetadataToken>100663323</MetadataToken>
              <Name>System.Void PokerTestws.CartaTest::DeveCriarCartaReiDePaus()</Name>
              <FileRef uid="3" />
              <SequencePoints>
                <SequencePoint vc="1" uspid="145" ordinal="0" offset="0" sl="12" sc="9" el="12" ec="10" bec="0" bev="0" fileid="3" />
                <SequencePoint vc="1" uspid="146" ordinal="1" offset="1" sl="13" sc="13" el="13" ec="38" bec="0" bev="0" fileid="3" />
                <SequencePoint vc="1" uspid="147" ordinal="2" offset="7" sl="15" sc="13" el="15" ec="49" bec="0" bev="0" fileid="3" />
                <SequencePoint vc="1" uspid="148" ordinal="3" offset="14" sl="17" sc="13" el="17" ec="47" bec="0" bev="0" fileid="3" />
                <SequencePoint vc="1" uspid="149" ordinal="4" offset="31" sl="18" sc="13" el="18" ec="47" bec="0" bev="0" fileid="3" />
                <SequencePoint vc="1" uspid="150" ordinal="5" offset="48" sl="19" sc="9" el="19" ec="10" bec="0" bev="0" fileid="3" />
              </SequencePoints>
              <BranchPoints />
              <MethodPoint xsi:type="SequencePoint" vc="1" uspid="145" ordinal="0" offset="0" sl="12" sc="9" el="12" ec="10" bec="0" bev="0" fileid="3" />
            </Method>
            <Method visited="false" cyclomaticComplexity="1" nPathComplexity="0" sequenceCoverage="0" branchCoverage="0" crapScore="2" isConstructor="true" isStatic="false" isGetter="false" isSetter="false">
              <Summary numSequencePoints="0" visitedSequencePoints="0" numBranchPoints="0" visitedBranchPoints="0" sequenceCoverage="0" branchCoverage="0" maxCyclomaticComplexity="1" minCyclomaticComplexity="1" maxCrapScore="2" minCrapScore="2" visitedClasses="0" numClasses="0" visitedMethods="0" numMethods="0" />
              <MetadataToken>100663324</MetadataToken>
              <Name>System.Void PokerTestws.CartaTest::.ctor()</Name>
              <SequencePoints />
              <BranchPoints />
              <MethodPoint vc="0" uspid="151" ordinal="0" offset="0" />
            </Method>
          </Methods>
        </Class>
        <Class>
          <Summary numSequencePoints="0" visitedSequencePoints="0" numBranchPoints="0" visitedBranchPoints="0" sequenceCoverage="0" branchCoverage="0" maxCyclomaticComplexity="1" minCyclomaticComplexity="1" maxCrapScore="2" minCrapScore="2" visitedClasses="0" numClasses="0" visitedMethods="0" numMethods="0" />
          <FullName>PokerTestws.VerificadorDeJogoTest</FullName>
          <Methods>
            <Method visited="false" cyclomaticComplexity="1" nPathComplexity="0" sequenceCoverage="0" branchCoverage="0" crapScore="2" isConstructor="true" isStatic="false" isGetter="false" isSetter="false">
              <Summary numSequencePoints="0" visitedSequencePoints="0" numBranchPoints="0" visitedBranchPoints="0" sequenceCoverage="0" branchCoverage="0" maxCyclomaticComplexity="1" minCyclomaticComplexity="1" maxCrapScore="2" minCrapScore="2" visitedClasses="0" numClasses="0" visitedMethods="0" numMethods="0" />
              <MetadataToken>100663325</MetadataToken>
              <Name>System.Void PokerTestws.VerificadorDeJogoTest::.ctor()</Name>
              <SequencePoints />
              <BranchPoints />
              <MethodPoint vc="0" uspid="152" ordinal="0" offset="0" />
            </Method>
          </Methods>
        </Class>
      </Classes>
    </Module>
    <Module hash="F3-0E-27-72-D2-7D-3B-C2-D5-1E-67-B1-4F-6C-79-6F-3F-99-F7-2F">
      <Summary numSequencePoints="300" visitedSequencePoints="298" numBranchPoints="168" visitedBranchPoints="149" sequenceCoverage="99.33" branchCoverage="88.69" maxCyclomaticComplexity="31" minCyclomaticComplexity="1" maxCrapScore="31.20" minCrapScore="1" visitedClasses="6" numClasses="6" visitedMethods="24" numMethods="24" />
      <ModulePath>C:\Users\erik0\source\repos\Poker.Test\PokerTestws\bin\Debug\fine-code-coverage\build-output\Poker.dll</ModulePath>
      <ModuleTime>2021-07-22T20:30:35.8958383Z</ModuleTime>
      <ModuleName>Poker</ModuleName>
      <Files>
        <File uid="7" fullPath="C:\Users\erik0\source\repos\Poker.Dominio\Poker\Carta.cs" />
        <File uid="8" fullPath="C:\Users\erik0\source\repos\Poker.Dominio\Poker\Jogador.cs" />
        <File uid="10" fullPath="C:\Users\erik0\source\repos\Poker.Dominio\Poker\Jogo.cs" />
        <File uid="12" fullPath="C:\Users\erik0\source\repos\Poker.Dominio\Poker\VerificadorDeJogo.cs" />
      </Files>
      <Classes>
        <Class>
          <Summary numSequencePoints="5" visitedSequencePoints="5" numBranchPoints="1" visitedBranchPoints="1" sequenceCoverage="100" branchCoverage="100" maxCyclomaticComplexity="1" minCyclomaticComplexity="1" maxCrapScore="1" minCrapScore="1" visitedClasses="1" numClasses="1" visitedMethods="1" numMethods="1" />
          <FullName>Poker.Carta</FullName>
          <Methods>
            <Method visited="true" cyclomaticComplexity="1" nPathComplexity="0" sequenceCoverage="100" branchCoverage="100" crapScore="1" isConstructor="true" isStatic="false" isGetter="false" isSetter="false">
              <Summary numSequencePoints="5" visitedSequencePoints="5" numBranchPoints="1" visitedBranchPoints="1" sequenceCoverage="100" branchCoverage="100" maxCyclomaticComplexity="1" minCyclomaticComplexity="1" maxCrapScore="1" minCrapScore="1" visitedClasses="0" numClasses="0" visitedMethods="1" numMethods="1" />
              <MetadataToken>100663297</MetadataToken>
              <Name>System.Void Poker.Carta::.ctor(System.String)</Name>
              <FileRef uid="7" />
              <SequencePoints>
                <SequencePoint vc="186" uspid="153" ordinal="0" offset="0" sl="14" sc="9" el="14" ec="35" bec="0" bev="0" fileid="7" />
                <SequencePoint vc="186" uspid="154" ordinal="1" offset="7" sl="15" sc="9" el="15" ec="10" bec="0" bev="0" fileid="7" />
                <SequencePoint vc="186" uspid="155" ordinal="2" offset="8" sl="16" sc="13" el="16" ec="46" bec="0" bev="0" fileid="7" />
                <SequencePoint vc="186" uspid="156" ordinal="3" offset="29" sl="17" sc="13" el="17" ec="46" bec="0" bev="0" fileid="7" />
                <SequencePoint vc="186" uspid="157" ordinal="4" offset="50" sl="18" sc="9" el="18" ec="10" bec="0" bev="0" fileid="7" />
              </SequencePoints>
              <BranchPoints />
              <MethodPoint xsi:type="SequencePoint" vc="186" uspid="153" ordinal="0" offset="0" sl="14" sc="9" el="14" ec="35" bec="0" bev="0" fileid="7" />
            </Method>
          </Methods>
        </Class>
        <Class>
          <Summary numSequencePoints="216" visitedSequencePoints="215" numBranchPoints="135" visitedBranchPoints="117" sequenceCoverage="99.54" branchCoverage="86.67" maxCyclomaticComplexity="31" minCyclomaticComplexity="1" maxCrapScore="31.20" minCrapScore="1" visitedClasses="1" numClasses="1" visitedMethods="15" numMethods="15" />
          <FullName>Poker.Jogador</FullName>
          <Methods>
            <Method visited="true" cyclomaticComplexity="2" nPathComplexity="0" sequenceCoverage="100" branchCoverage="100" crapScore="2" isConstructor="true" isStatic="false" isGetter="false" isSetter="false">
              <Summary numSequencePoints="13" visitedSequencePoints="13" numBranchPoints="1" visitedBranchPoints="1" sequenceCoverage="100" branchCoverage="100" maxCyclomaticComplexity="2" minCyclomaticComplexity="2" maxCrapScore="2" minCrapScore="2" visitedClasses="0" numClasses="0" visitedMethods="1" numMethods="1" />
              <MetadataToken>100663298</MetadataToken>
              <Name>System.Void Poker.Jogador::.ctor(System.String)</Name>
              <FileRef uid="8" />
              <SequencePoints>
                <SequencePoint vc="37" uspid="158" ordinal="0" offset="0" sl="13" sc="9" el="13" ec="38" bec="0" bev="0" fileid="8" />
                <SequencePoint vc="37" uspid="159" ordinal="1" offset="7" sl="14" sc="9" el="14" ec="10" bec="0" bev="0" fileid="8" />
                <SequencePoint vc="37" uspid="160" ordinal="2" offset="8" sl="15" sc="13" el="15" ec="56" bec="0" bev="0" fileid="8" />
                <SequencePoint vc="37" uspid="161" ordinal="3" offset="14" sl="16" sc="13" el="16" ec="20" bec="0" bev="0" fileid="8" />
                <SequencePoint vc="37" uspid="162" ordinal="4" offset="15" sl="16" sc="38" el="16" ec="55" bec="0" bev="0" fileid="8" />
                <SequencePoint vc="185" uspid="163" ordinal="5" offset="37" sl="16" sc="22" el="16" ec="34" bec="0" bev="0" fileid="8" />
                <SequencePoint vc="185" uspid="164" ordinal="6" offset="41" sl="17" sc="13" el="17" ec="14" bec="0" bev="0" fileid="8" />
                <SequencePoint vc="185" uspid="165" ordinal="7" offset="42" sl="18" sc="17" el="18" ec="52" bec="0" bev="0" fileid="8" />
                <SequencePoint vc="185" uspid="166" ordinal="8" offset="50" sl="19" sc="17" el="19" ec="43" bec="0" bev="0" fileid="8" />
                <SequencePoint vc="185" uspid="167" ordinal="9" offset="59" sl="20" sc="13" el="20" ec="14" bec="0" bev="0" fileid="8" />
                <SequencePoint vc="222" uspid="168" ordinal="10" offset="64" sl="16" sc="35" el="16" ec="37" bec="0" bev="0" fileid="8" />
                <SequencePoint vc="37" uspid="169" ordinal="11" offset="70" sl="22" sc="13" el="22" ec="41" bec="0" bev="0" fileid="8" />
                <SequencePoint vc="37" uspid="170" ordinal="12" offset="82" sl="23" sc="9" el="23" ec="10" bec="0" bev="0" fileid="8" />
              </SequencePoints>
              <BranchPoints />
              <MethodPoint xsi:type="SequencePoint" vc="37" uspid="158" ordinal="0" offset="0" sl="13" sc="9" el="13" ec="38" bec="0" bev="0" fileid="8" />
            </Method>
            <Method visited="true" cyclomaticComplexity="31" nPathComplexity="1073741824" sequenceCoverage="94.12" branchCoverage="70.49" crapScore="31.20" isConstructor="false" isStatic="false" isGetter="false" isSetter="false">
              <Summary numSequencePoints="17" visitedSequencePoints="16" numBranchPoints="61" visitedBranchPoints="43" sequenceCoverage="94.12" branchCoverage="70.49" maxCyclomaticComplexity="31" minCyclomaticComplexity="31" maxCrapScore="31.20" minCrapScore="31.20" visitedClasses="0" numClasses="0" visitedMethods="1" numMethods="1" />
              <MetadataToken>100663299</MetadataToken>
              <Name>System.Double Poker.Jogador::CalcularValor(System.String)</Name>
              <FileRef uid="8" />
              <SequencePoints>
                <SequencePoint vc="978" uspid="173" ordinal="0" offset="0" sl="25" sc="9" el="25" ec="10" bec="0" bev="0" fileid="8" />
                <SequencePoint vc="978" uspid="174" ordinal="1" offset="1" sl="26" sc="13" el="26" ec="27" bec="43" bev="42" fileid="8" />
                <SequencePoint vc="65" uspid="175" ordinal="2" offset="486" sl="29" sc="21" el="29" ec="32" bec="0" bev="0" fileid="8" />
                <SequencePoint vc="43" uspid="176" ordinal="3" offset="501" sl="31" sc="21" el="31" ec="32" bec="0" bev="0" fileid="8" />
                <SequencePoint vc="81" uspid="177" ordinal="4" offset="516" sl="33" sc="21" el="33" ec="32" bec="0" bev="0" fileid="8" />
                <SequencePoint vc="31" uspid="178" ordinal="5" offset="531" sl="35" sc="21" el="35" ec="30" bec="0" bev="0" fileid="8" />
                <SequencePoint vc="100" uspid="179" ordinal="6" offset="543" sl="37" sc="21" el="37" ec="32" bec="0" bev="0" fileid="8" />
                <SequencePoint vc="110" uspid="180" ordinal="7" offset="555" sl="39" sc="21" el="39" ec="32" bec="0" bev="0" fileid="8" />
                <SequencePoint vc="113" uspid="181" ordinal="8" offset="567" sl="41" sc="21" el="41" ec="32" bec="0" bev="0" fileid="8" />
                <SequencePoint vc="167" uspid="182" ordinal="9" offset="579" sl="43" sc="21" el="43" ec="32" bec="0" bev="0" fileid="8" />
                <SequencePoint vc="110" uspid="183" ordinal="10" offset="591" sl="45" sc="21" el="45" ec="32" bec="0" bev="0" fileid="8" />
                <SequencePoint vc="70" uspid="184" ordinal="11" offset="603" sl="47" sc="21" el="47" ec="32" bec="0" bev="0" fileid="8" />
                <SequencePoint vc="23" uspid="185" ordinal="12" offset="615" sl="49" sc="21" el="49" ec="32" bec="0" bev="0" fileid="8" />
                <SequencePoint vc="31" uspid="186" ordinal="13" offset="627" sl="51" sc="21" el="51" ec="32" bec="0" bev="0" fileid="8" />
                <SequencePoint vc="34" uspid="187" ordinal="14" offset="639" sl="53" sc="21" el="53" ec="32" bec="0" bev="0" fileid="8" />
                <SequencePoint vc="0" uspid="188" ordinal="15" offset="651" sl="55" sc="13" el="55" ec="22" bec="0" bev="0" fileid="8" />
                <SequencePoint vc="978" uspid="189" ordinal="16" offset="663" sl="56" sc="9" el="56" ec="10" bec="0" bev="0" fileid="8" />
              </SequencePoints>
              <BranchPoints>
                <BranchPoint vc="435" uspid="190" ordinal="0" offset="18" sl="26" path="0" offsetend="20" fileid="8" />
                <BranchPoint vc="543" uspid="191" ordinal="1" offset="18" sl="26" path="1" offsetend="112" fileid="8" />
                <BranchPoint vc="260" uspid="192" ordinal="2" offset="26" sl="26" path="0" offsetend="28" fileid="8" />
                <BranchPoint vc="175" uspid="193" ordinal="3" offset="26" sl="26" path="1" offsetend="70" fileid="8" />
                <BranchPoint vc="190" uspid="194" ordinal="4" offset="34" sl="26" path="0" offsetchain="39" offsetend="41" fileid="8" />
                <BranchPoint vc="70" uspid="195" ordinal="5" offset="34" sl="26" path="1" offsetend="402" fileid="8" />
                <BranchPoint vc="167" uspid="196" ordinal="6" offset="47" sl="26" path="0" offsetchain="52" offsetend="54" fileid="8" />
                <BranchPoint vc="23" uspid="197" ordinal="7" offset="47" sl="26" path="1" offsetend="423" fileid="8" />
                <BranchPoint vc="0" uspid="198" ordinal="8" offset="60" sl="26" path="0" offsetchain="65" offsetend="651" fileid="8" />
                <BranchPoint vc="167" uspid="199" ordinal="9" offset="60" sl="26" path="1" offsetend="360" fileid="8" />
                <BranchPoint vc="65" uspid="200" ordinal="10" offset="76" sl="26" path="0" offsetchain="81" offsetend="83" fileid="8" />
                <BranchPoint vc="110" uspid="201" ordinal="11" offset="76" sl="26" path="1" offsetend="381" fileid="8" />
                <BranchPoint vc="34" uspid="202" ordinal="12" offset="89" sl="26" path="0" offsetchain="94" offsetend="96" fileid="8" />
                <BranchPoint vc="31" uspid="203" ordinal="13" offset="89" sl="26" path="1" offsetend="444" fileid="8" />
                <BranchPoint vc="0" uspid="204" ordinal="14" offset="102" sl="26" path="0" offsetchain="107" offsetend="651" fileid="8" />
                <BranchPoint vc="34" uspid="205" ordinal="15" offset="102" sl="26" path="1" offsetend="465" fileid="8" />
                <BranchPoint vc="288" uspid="206" ordinal="16" offset="118" sl="26" path="0" offsetend="120" fileid="8" />
                <BranchPoint vc="255" uspid="207" ordinal="17" offset="118" sl="26" path="1" offsetend="159" fileid="8" />
                <BranchPoint vc="178" uspid="208" ordinal="18" offset="126" sl="26" path="0" offsetchain="131" offsetend="133" fileid="8" />
                <BranchPoint vc="110" uspid="209" ordinal="19" offset="126" sl="26" path="1" offsetend="318" fileid="8" />
                <BranchPoint vc="65" uspid="210" ordinal="20" offset="139" sl="26" path="0" offsetchain="144" offsetend="146" fileid="8" />
                <BranchPoint vc="113" uspid="211" ordinal="21" offset="139" sl="26" path="1" offsetend="339" fileid="8" />
                <BranchPoint vc="0" uspid="212" ordinal="22" offset="152" sl="26" path="0" offsetchain="154" offsetend="651" fileid="8" />
                <BranchPoint vc="65" uspid="213" ordinal="23" offset="152" sl="26" path="1" offsetend="213" fileid="8" />
                <BranchPoint vc="74" uspid="214" ordinal="24" offset="165" sl="26" path="0" offsetend="167" fileid="8" />
                <BranchPoint vc="181" uspid="215" ordinal="25" offset="165" sl="26" path="1" offsetend="190" fileid="8" />
                <BranchPoint vc="31" uspid="216" ordinal="26" offset="173" sl="26" path="0" offsetchain="175" offsetend="177" fileid="8" />
                <BranchPoint vc="43" uspid="217" ordinal="27" offset="173" sl="26" path="1" offsetend="234" fileid="8" />
                <BranchPoint vc="0" uspid="218" ordinal="28" offset="183" sl="26" path="0" offsetchain="185" offsetend="651" fileid="8" />
                <BranchPoint vc="31" uspid="219" ordinal="29" offset="183" sl="26" path="1" offsetend="276" fileid="8" />
                <BranchPoint vc="81" uspid="220" ordinal="30" offset="196" sl="26" path="0" offsetchain="198" offsetend="200" fileid="8" />
                <BranchPoint vc="100" uspid="221" ordinal="31" offset="196" sl="26" path="1" offsetend="297" fileid="8" />
                <BranchPoint vc="0" uspid="222" ordinal="32" offset="206" sl="26" path="0" offsetchain="208" offsetend="651" fileid="8" />
                <BranchPoint vc="81" uspid="223" ordinal="33" offset="206" sl="26" path="1" offsetend="255" fileid="8" />
                <BranchPoint vc="0" uspid="224" ordinal="34" offset="224" sl="26" path="0" offsetchain="229" offsetend="651" fileid="8" />
                <BranchPoint vc="65" uspid="225" ordinal="35" offset="224" sl="26" path="1" offsetend="486" fileid="8" />
                <BranchPoint vc="0" uspid="226" ordinal="36" offset="245" sl="26" path="0" offsetchain="250" offsetend="651" fileid="8" />
                <BranchPoint vc="43" uspid="227" ordinal="37" offset="245" sl="26" path="1" offsetend="501" fileid="8" />
                <BranchPoint vc="0" uspid="228" ordinal="38" offset="266" sl="26" path="0" offsetchain="271" offsetend="651" fileid="8" />
                <BranchPoint vc="81" uspid="229" ordinal="39" offset="266" sl="26" path="1" offsetend="516" fileid="8" />
                <BranchPoint vc="0" uspid="230" ordinal="40" offset="287" sl="26" path="0" offsetchain="292" offsetend="651" fileid="8" />
                <BranchPoint vc="31" uspid="231" ordinal="41" offset="287" sl="26" path="1" offsetend="531" fileid="8" />
                <BranchPoint vc="0" uspid="232" ordinal="42" offset="308" sl="26" path="0" offsetchain="313" offsetend="651" fileid="8" />
                <BranchPoint vc="100" uspid="233" ordinal="43" offset="308" sl="26" path="1" offsetend="543" fileid="8" />
                <BranchPoint vc="0" uspid="234" ordinal="44" offset="329" sl="26" path="0" offsetchain="334" offsetend="651" fileid="8" />
                <BranchPoint vc="110" uspid="235" ordinal="45" offset="329" sl="26" path="1" offsetend="555" fileid="8" />
                <BranchPoint vc="0" uspid="236" ordinal="46" offset="350" sl="26" path="0" offsetchain="355" offsetend="651" fileid="8" />
                <BranchPoint vc="113" uspid="237" ordinal="47" offset="350" sl="26" path="1" offsetend="567" fileid="8" />
                <BranchPoint vc="0" uspid="238" ordinal="48" offset="371" sl="26" path="0" offsetchain="376" offsetend="651" fileid="8" />
                <BranchPoint vc="167" uspid="239" ordinal="49" offset="371" sl="26" path="1" offsetend="579" fileid="8" />
                <BranchPoint vc="0" uspid="240" ordinal="50" offset="392" sl="26" path="0" offsetchain="397" offsetend="651" fileid="8" />
                <BranchPoint vc="110" uspid="241" ordinal="51" offset="392" sl="26" path="1" offsetend="591" fileid="8" />
                <BranchPoint vc="0" uspid="242" ordinal="52" offset="413" sl="26" path="0" offsetchain="418" offsetend="651" fileid="8" />
                <BranchPoint vc="70" uspid="243" ordinal="53" offset="413" sl="26" path="1" offsetend="603" fileid="8" />
                <BranchPoint vc="0" uspid="244" ordinal="54" offset="434" sl="26" path="0" offsetchain="439" offsetend="651" fileid="8" />
                <BranchPoint vc="23" uspid="245" ordinal="55" offset="434" sl="26" path="1" offsetend="615" fileid="8" />
                <BranchPoint vc="0" uspid="246" ordinal="56" offset="455" sl="26" path="0" offsetchain="460" offsetend="651" fileid="8" />
                <BranchPoint vc="31" uspid="247" ordinal="57" offset="455" sl="26" path="1" offsetend="627" fileid="8" />
                <BranchPoint vc="0" uspid="248" ordinal="58" offset="476" sl="26" path="0" offsetchain="481" offsetend="651" fileid="8" />
                <BranchPoint vc="34" uspid="249" ordinal="59" offset="476" sl="26" path="1" offsetend="639" fileid="8" />
              </BranchPoints>
              <MethodPoint xsi:type="SequencePoint" vc="978" uspid="173" ordinal="0" offset="0" sl="25" sc="9" el="25" ec="10" bec="0" bev="0" fileid="8" />
            </Method>
            <Method visited="true" cyclomaticComplexity="6" nPathComplexity="32" sequenceCoverage="100" branchCoverage="100" crapScore="6" isConstructor="false" isStatic="false" isGetter="false" isSetter="false">
              <Summary numSequencePoints="23" visitedSequencePoints="23" numBranchPoints="11" visitedBranchPoints="11" sequenceCoverage="100" branchCoverage="100" maxCyclomaticComplexity="6" minCyclomaticComplexity="6" maxCrapScore="6" minCrapScore="6" visitedClasses="0" numClasses="0" visitedMethods="1" numMethods="1" />
              <MetadataToken>100663300</MetadataToken>
              <Name>System.String Poker.Jogador::TemPar(Poker.Carta[])</Name>
              <FileRef uid="8" />
              <SequencePoints>
                <SequencePoint vc="37" uspid="250" ordinal="0" offset="0" sl="59" sc="9" el="59" ec="10" bec="0" bev="0" fileid="8" />
                <SequencePoint vc="37" uspid="251" ordinal="1" offset="1" sl="60" sc="13" el="60" ec="32" bec="2" bev="2" fileid="8" />
                <SequencePoint vc="15" uspid="252" ordinal="2" offset="9" sl="61" sc="17" el="61" ec="36" bec="0" bev="0" fileid="8" />
                <SequencePoint vc="37" uspid="253" ordinal="3" offset="17" sl="63" sc="18" el="63" ec="27" bec="0" bev="0" fileid="8" />
                <SequencePoint vc="78" uspid="254" ordinal="4" offset="21" sl="64" sc="13" el="64" ec="14" bec="0" bev="0" fileid="8" />
                <SequencePoint vc="78" uspid="255" ordinal="5" offset="22" sl="65" sc="22" el="65" ec="31" bec="0" bev="0" fileid="8" />
                <SequencePoint vc="277" uspid="256" ordinal="6" offset="26" sl="66" sc="17" el="66" ec="18" bec="0" bev="0" fileid="8" />
                <SequencePoint vc="277" uspid="257" ordinal="7" offset="27" sl="67" sc="21" el="67" ec="32" bec="2" bev="2" fileid="8" />
                <SequencePoint vc="199" uspid="258" ordinal="8" offset="38" sl="68" sc="21" el="68" ec="22" bec="0" bev="0" fileid="8" />
                <SequencePoint vc="199" uspid="259" ordinal="9" offset="39" sl="69" sc="25" el="69" ec="50" bec="0" bev="0" fileid="8" />
                <SequencePoint vc="199" uspid="260" ordinal="10" offset="44" sl="70" sc="25" el="70" ec="50" bec="0" bev="0" fileid="8" />
                <SequencePoint vc="199" uspid="261" ordinal="11" offset="49" sl="72" sc="25" el="72" ec="58" bec="2" bev="2" fileid="8" />
                <SequencePoint vc="25" uspid="262" ordinal="12" offset="74" sl="73" sc="25" el="73" ec="26" bec="0" bev="0" fileid="8" />
                <SequencePoint vc="25" uspid="263" ordinal="13" offset="75" sl="74" sc="29" el="74" ec="49" bec="0" bev="0" fileid="8" />
                <SequencePoint vc="174" uspid="264" ordinal="14" offset="86" sl="76" sc="21" el="76" ec="22" bec="0" bev="0" fileid="8" />
                <SequencePoint vc="252" uspid="265" ordinal="15" offset="87" sl="77" sc="17" el="77" ec="18" bec="0" bev="0" fileid="8" />
                <SequencePoint vc="252" uspid="266" ordinal="16" offset="88" sl="65" sc="52" el="65" ec="55" bec="0" bev="0" fileid="8" />
                <SequencePoint vc="330" uspid="267" ordinal="17" offset="92" sl="65" sc="33" el="65" ec="50" bec="2" bev="2" fileid="8" />
                <SequencePoint vc="53" uspid="268" ordinal="18" offset="104" sl="78" sc="13" el="78" ec="14" bec="0" bev="0" fileid="8" />
                <SequencePoint vc="53" uspid="269" ordinal="19" offset="105" sl="63" sc="48" el="63" ec="51" bec="0" bev="0" fileid="8" />
                <SequencePoint vc="90" uspid="270" ordinal="20" offset="109" sl="63" sc="29" el="63" ec="46" bec="2" bev="2" fileid="8" />
                <SequencePoint vc="12" uspid="271" ordinal="21" offset="121" sl="79" sc="13" el="79" ec="25" bec="0" bev="0" fileid="8" />
                <SequencePoint vc="37" uspid="272" ordinal="22" offset="126" sl="80" sc="9" el="80" ec="10" bec="0" bev="0" fileid="8" />
              </SequencePoints>
              <BranchPoints>
                <BranchPoint vc="15" uspid="273" ordinal="0" offset="7" sl="60" path="0" offsetend="9" fileid="8" />
                <BranchPoint vc="22" uspid="274" ordinal="1" offset="7" sl="60" path="1" offsetend="17" fileid="8" />
                <BranchPoint vc="199" uspid="275" ordinal="2" offset="36" sl="67" path="0" offsetend="38" fileid="8" />
                <BranchPoint vc="78" uspid="276" ordinal="3" offset="36" sl="67" path="1" offsetend="87" fileid="8" />
                <BranchPoint vc="25" uspid="277" ordinal="4" offset="72" sl="72" path="0" offsetend="74" fileid="8" />
                <BranchPoint vc="174" uspid="278" ordinal="5" offset="72" sl="72" path="1" offsetend="86" fileid="8" />
                <BranchPoint vc="53" uspid="279" ordinal="6" offset="102" sl="65" path="0" offsetend="104" fileid="8" />
                <BranchPoint vc="277" uspid="280" ordinal="7" offset="102" sl="65" path="1" offsetend="26" fileid="8" />
                <BranchPoint vc="12" uspid="281" ordinal="8" offset="119" sl="63" path="0" offsetend="121" fileid="8" />
                <BranchPoint vc="78" uspid="282" ordinal="9" offset="119" sl="63" path="1" offsetend="21" fileid="8" />
              </BranchPoints>
              <MethodPoint xsi:type="SequencePoint" vc="37" uspid="250" ordinal="0" offset="0" sl="59" sc="9" el="59" ec="10" bec="0" bev="0" fileid="8" />
            </Method>
            <Method visited="true" cyclomaticComplexity="5" nPathComplexity="16" sequenceCoverage="100" branchCoverage="100" crapScore="5" isConstructor="false" isStatic="false" isGetter="false" isSetter="false">
              <Summary numSequencePoints="25" visitedSequencePoints="25" numBranchPoints="9" visitedBranchPoints="9" sequenceCoverage="100" branchCoverage="100" maxCyclomaticComplexity="5" minCyclomaticComplexity="5" maxCrapScore="5" minCrapScore="5" visitedClasses="0" numClasses="0" visitedMethods="1" numMethods="1" />
              <MetadataToken>100663301</MetadataToken>
              <Name>System.String Poker.Jogador::TemPar(System.Int32&amp;,System.Int32&amp;)</Name>
              <FileRef uid="8" />
              <SequencePoints>
                <SequencePoint vc="14" uspid="283" ordinal="0" offset="0" sl="83" sc="9" el="83" ec="10" bec="0" bev="0" fileid="8" />
                <SequencePoint vc="14" uspid="284" ordinal="1" offset="1" sl="84" sc="18" el="84" ec="27" bec="0" bev="0" fileid="8" />
                <SequencePoint vc="34" uspid="285" ordinal="2" offset="5" sl="85" sc="13" el="85" ec="14" bec="0" bev="0" fileid="8" />
                <SequencePoint vc="34" uspid="286" ordinal="3" offset="6" sl="86" sc="22" el="86" ec="31" bec="0" bev="0" fileid="8" />
                <SequencePoint vc="143" uspid="287" ordinal="4" offset="10" sl="87" sc="17" el="87" ec="18" bec="0" bev="0" fileid="8" />
                <SequencePoint vc="143" uspid="288" ordinal="5" offset="11" sl="88" sc="21" el="88" ec="32" bec="2" bev="2" fileid="8" />
                <SequencePoint vc="109" uspid="289" ordinal="6" offset="22" sl="89" sc="21" el="89" ec="22" bec="0" bev="0" fileid="8" />
                <SequencePoint vc="109" uspid="290" ordinal="7" offset="23" sl="90" sc="25" el="90" ec="48" bec="0" bev="0" fileid="8" />
                <SequencePoint vc="109" uspid="291" ordinal="8" offset="32" sl="91" sc="25" el="91" ec="48" bec="0" bev="0" fileid="8" />
                <SequencePoint vc="109" uspid="292" ordinal="9" offset="42" sl="93" sc="25" el="93" ec="58" bec="2" bev="2" fileid="8" />
                <SequencePoint vc="10" uspid="293" ordinal="10" offset="66" sl="94" sc="25" el="94" ec="26" bec="0" bev="0" fileid="8" />
                <SequencePoint vc="10" uspid="294" ordinal="11" offset="67" sl="95" sc="29" el="95" ec="38" bec="0" bev="0" fileid="8" />
                <SequencePoint vc="10" uspid="295" ordinal="12" offset="70" sl="96" sc="29" el="96" ec="38" bec="0" bev="0" fileid="8" />
                <SequencePoint vc="10" uspid="296" ordinal="13" offset="73" sl="97" sc="29" el="97" ec="49" bec="0" bev="0" fileid="8" />
                <SequencePoint vc="99" uspid="297" ordinal="14" offset="83" sl="99" sc="21" el="99" ec="22" bec="0" bev="0" fileid="8" />
                <SequencePoint vc="133" uspid="298" ordinal="15" offset="84" sl="100" sc="17" el="100" ec="18" bec="0" bev="0" fileid="8" />
                <SequencePoint vc="133" uspid="299" ordinal="16" offset="85" sl="86" sc="50" el="86" ec="53" bec="0" bev="0" fileid="8" />
                <SequencePoint vc="167" uspid="300" ordinal="17" offset="89" sl="86" sc="33" el="86" ec="48" bec="2" bev="2" fileid="8" />
                <SequencePoint vc="24" uspid="301" ordinal="18" offset="106" sl="101" sc="13" el="101" ec="14" bec="0" bev="0" fileid="8" />
                <SequencePoint vc="24" uspid="302" ordinal="19" offset="107" sl="84" sc="46" el="84" ec="49" bec="0" bev="0" fileid="8" />
                <SequencePoint vc="38" uspid="303" ordinal="20" offset="111" sl="84" sc="29" el="84" ec="44" bec="2" bev="2" fileid="8" />
                <SequencePoint vc="4" uspid="304" ordinal="21" offset="128" sl="103" sc="13" el="103" ec="22" bec="0" bev="0" fileid="8" />
                <SequencePoint vc="4" uspid="305" ordinal="22" offset="131" sl="104" sc="13" el="104" ec="22" bec="0" bev="0" fileid="8" />
                <SequencePoint vc="4" uspid="306" ordinal="23" offset="134" sl="105" sc="13" el="105" ec="25" bec="0" bev="0" fileid="8" />
                <SequencePoint vc="14" uspid="307" ordinal="24" offset="139" sl="106" sc="9" el="106" ec="10" bec="0" bev="0" fileid="8" />
              </SequencePoints>
              <BranchPoints>
                <BranchPoint vc="109" uspid="308" ordinal="0" offset="20" sl="88" path="0" offsetend="22" fileid="8" />
                <BranchPoint vc="34" uspid="309" ordinal="1" offset="20" sl="88" path="1" offsetend="84" fileid="8" />
                <BranchPoint vc="10" uspid="310" ordinal="2" offset="64" sl="93" path="0" offsetend="66" fileid="8" />
                <BranchPoint vc="99" uspid="311" ordinal="3" offset="64" sl="93" path="1" offsetend="83" fileid="8" />
                <BranchPoint vc="24" uspid="312" ordinal="4" offset="104" sl="86" path="0" offsetend="106" fileid="8" />
                <BranchPoint vc="143" uspid="313" ordinal="5" offset="104" sl="86" path="1" offsetend="10" fileid="8" />
                <BranchPoint vc="4" uspid="314" ordinal="6" offset="126" sl="84" path="0" offsetend="128" fileid="8" />
                <BranchPoint vc="34" uspid="315" ordinal="7" offset="126" sl="84" path="1" offsetend="5" fileid="8" />
              </BranchPoints>
              <MethodPoint xsi:type="SequencePoint" vc="14" uspid="283" ordinal="0" offset="0" sl="83" sc="9" el="83" ec="10" bec="0" bev="0" fileid="8" />
            </Method>
            <Method visited="true" cyclomaticComplexity="5" nPathComplexity="8" sequenceCoverage="100" branchCoverage="100" crapScore="5" isConstructor="false" isStatic="false" isGetter="false" isSetter="false">
              <Summary numSequencePoints="13" visitedSequencePoints="13" numBranchPoints="7" visitedBranchPoints="7" sequenceCoverage="100" branchCoverage="100" maxCyclomaticComplexity="5" minCyclomaticComplexity="5" maxCrapScore="5" minCrapScore="5" visitedClasses="0" numClasses="0" visitedMethods="1" numMethods="1" />
              <MetadataToken>100663302</MetadataToken>
[...]
                <BranchPoint vc="4" uspid="518" ordinal="1" offset="41" sl="26" path="1" offsetend="52" fileid="10" />
                <BranchPoint vc="1" uspid="519" ordinal="2" offset="60" sl="28" path="0" offsetend="62" fileid="10" />
                <BranchPoint vc="3" uspid="520" ordinal="3" offset="60" sl="28" path="1" offsetend="71" fileid="10" />
              </BranchPoints>
              <MethodPoint xsi:type="SequencePoint" vc="13" uspid="508" ordinal="0" offset="0" sl="22" sc="9" el="22" ec="10" bec="0" bev="0" fileid="10" />
            </Method>
            <Method visited="true" cyclomaticComplexity="2" nPathComplexity="2" sequenceCoverage="88.89" branchCoverage="66.67" crapScore="2.01" isConstructor="false" isStatic="false" isGetter="false" isSetter="false">
              <Summary numSequencePoints="9" visitedSequencePoints="8" numBranchPoints="3" visitedBranchPoints="2" sequenceCoverage="88.89" branchCoverage="66.67" maxCyclomaticComplexity="2" minCyclomaticComplexity="2" maxCrapScore="2.01" minCrapScore="2.01" visitedClasses="0" numClasses="0" visitedMethods="1" numMethods="1" />
              <MetadataToken>100663315</MetadataToken>
              <Name>Poker.Jogador Poker.Jogo::ResolverEmpate()</Name>
              <FileRef uid="10" />
              <SequencePoints>
                <SequencePoint vc="1" uspid="521" ordinal="0" offset="0" sl="35" sc="9" el="35" ec="10" bec="0" bev="0" fileid="10" />
                <SequencePoint vc="1" uspid="522" ordinal="1" offset="1" sl="36" sc="13" el="36" ec="46" bec="0" bev="0" fileid="10" />
                <SequencePoint vc="1" uspid="523" ordinal="2" offset="14" sl="37" sc="13" el="37" ec="46" bec="0" bev="0" fileid="10" />
                <SequencePoint vc="1" uspid="524" ordinal="3" offset="27" sl="39" sc="13" el="39" ec="88" bec="0" bev="0" fileid="10" />
                <SequencePoint vc="1" uspid="525" ordinal="4" offset="44" sl="40" sc="13" el="40" ec="88" bec="0" bev="0" fileid="10" />
                <SequencePoint vc="1" uspid="526" ordinal="5" offset="61" sl="42" sc="13" el="42" ec="63" bec="2" bev="1" fileid="10" />
                <SequencePoint vc="1" uspid="527" ordinal="6" offset="69" sl="43" sc="17" el="43" ec="33" bec="0" bev="0" fileid="10" />
                <SequencePoint vc="0" uspid="528" ordinal="7" offset="78" sl="45" sc="17" el="45" ec="33" bec="0" bev="0" fileid="10" />
                <SequencePoint vc="1" uspid="529" ordinal="8" offset="87" sl="46" sc="9" el="46" ec="10" bec="0" bev="0" fileid="10" />
              </SequencePoints>
              <BranchPoints>
                <BranchPoint vc="1" uspid="530" ordinal="0" offset="67" sl="42" path="0" offsetend="69" fileid="10" />
                <BranchPoint vc="0" uspid="531" ordinal="1" offset="67" sl="42" path="1" offsetend="78" fileid="10" />
              </BranchPoints>
              <MethodPoint xsi:type="SequencePoint" vc="1" uspid="521" ordinal="0" offset="0" sl="35" sc="9" el="35" ec="10" bec="0" bev="0" fileid="10" />
            </Method>
            <Method visited="true" cyclomaticComplexity="1" nPathComplexity="0" sequenceCoverage="100" branchCoverage="100" crapScore="1" isConstructor="false" isStatic="false" isGetter="false" isSetter="false">
              <Summary numSequencePoints="6" visitedSequencePoints="6" numBranchPoints="1" visitedBranchPoints="1" sequenceCoverage="100" branchCoverage="100" maxCyclomaticComplexity="1" minCyclomaticComplexity="1" maxCrapScore="1" minCrapScore="1" visitedClasses="0" numClasses="0" visitedMethods="1" numMethods="1" />
              <MetadataToken>100663316</MetadataToken>
              <Name>System.Void Poker.Jogo::RemoverCartasMaisAltas(Poker.Jogador)</Name>
              <FileRef uid="10" />
              <SequencePoints>
                <SequencePoint vc="2" uspid="532" ordinal="0" offset="13" sl="49" sc="9" el="49" ec="10" bec="0" bev="0" fileid="10" />
                <SequencePoint vc="2" uspid="533" ordinal="1" offset="14" sl="50" sc="13" el="50" ec="41" bec="0" bev="0" fileid="10" />
                <SequencePoint vc="2" uspid="534" ordinal="2" offset="26" sl="52" sc="13" el="52" ec="82" bec="0" bev="0" fileid="10" />
                <SequencePoint vc="2" uspid="535" ordinal="3" offset="38" sl="54" sc="13" el="54" ec="60" bec="0" bev="0" fileid="10" />
                <SequencePoint vc="2" uspid="536" ordinal="4" offset="55" sl="56" sc="13" el="57" ec="72" bec="0" bev="0" fileid="10" />
                <SequencePoint vc="2" uspid="537" ordinal="5" offset="89" sl="58" sc="9" el="58" ec="10" bec="0" bev="0" fileid="10" />
              </SequencePoints>
              <BranchPoints />
              <MethodPoint vc="2" uspid="538" ordinal="0" offset="0" />
            </Method>
          </Methods>
        </Class>
        <Class>
          <Summary numSequencePoints="1" visitedSequencePoints="1" numBranchPoints="1" visitedBranchPoints="1" sequenceCoverage="100" branchCoverage="100" maxCyclomaticComplexity="1" minCyclomaticComplexity="1" maxCrapScore="2" minCrapScore="1" visitedClasses="1" numClasses="1" visitedMethods="1" numMethods="1" />
          <FullName>Poker.Jogo/&lt;&gt;c__DisplayClass5_0</FullName>
          <Methods>
            <Method visited="false" cyclomaticComplexity="1" nPathComplexity="0" sequenceCoverage="0" branchCoverage="0" crapScore="2" isConstructor="true" isStatic="false" isGetter="false" isSetter="false">
              <Summary numSequencePoints="0" visitedSequencePoints="0" numBranchPoints="0" visitedBranchPoints="0" sequenceCoverage="0" branchCoverage="0" maxCyclomaticComplexity="1" minCyclomaticComplexity="1" maxCrapScore="2" minCrapScore="2" visitedClasses="0" numClasses="0" visitedMethods="0" numMethods="0" />
              <MetadataToken>100663322</MetadataToken>
              <Name>System.Void Poker.Jogo/&lt;&gt;c__DisplayClass5_0::.ctor()</Name>
              <SequencePoints />
              <BranchPoints />
              <MethodPoint vc="0" uspid="539" ordinal="0" offset="0" />
            </Method>
            <Method visited="true" cyclomaticComplexity="1" nPathComplexity="0" sequenceCoverage="100" branchCoverage="100" crapScore="1" isConstructor="false" isStatic="false" isGetter="false" isSetter="false">
              <Summary numSequencePoints="1" visitedSequencePoints="1" numBranchPoints="1" visitedBranchPoints="1" sequenceCoverage="100" branchCoverage="100" maxCyclomaticComplexity="1" minCyclomaticComplexity="1" maxCrapScore="1" minCrapScore="1" visitedClasses="0" numClasses="0" visitedMethods="1" numMethods="1" />
              <MetadataToken>100663323</MetadataToken>
              <Name>System.Boolean Poker.Jogo/&lt;&gt;c__DisplayClass5_0::&lt;RemoverCartasMaisAltas&gt;b__0(Poker.Carta)</Name>
              <FileRef uid="10" />
              <SequencePoints>
                <SequencePoint vc="10" uspid="540" ordinal="0" offset="0" sl="57" sc="13" el="57" ec="60" bec="0" bev="0" fileid="10" />
              </SequencePoints>
              <BranchPoints />
              <MethodPoint xsi:type="SequencePoint" vc="10" uspid="540" ordinal="0" offset="0" sl="57" sc="13" el="57" ec="60" bec="0" bev="0" fileid="10" />
            </Method>
          </Methods>
        </Class>
        <Class>
          <Summary numSequencePoints="48" visitedSequencePoints="48" numBranchPoints="20" visitedBranchPoints="20" sequenceCoverage="100" branchCoverage="100" maxCyclomaticComplexity="10" minCyclomaticComplexity="1" maxCrapScore="10" minCrapScore="1" visitedClasses="1" numClasses="1" visitedMethods="2" numMethods="2" />
          <FullName>Poker.VerificadorDeJogo</FullName>
          <Methods>
            <Method visited="true" cyclomaticComplexity="1" nPathComplexity="0" sequenceCoverage="100" branchCoverage="100" crapScore="1" isConstructor="true" isStatic="false" isGetter="false" isSetter="false">
              <Summary numSequencePoints="4" visitedSequencePoints="4" numBranchPoints="1" visitedBranchPoints="1" sequenceCoverage="100" branchCoverage="100" maxCyclomaticComplexity="1" minCyclomaticComplexity="1" maxCrapScore="1" minCrapScore="1" visitedClasses="0" numClasses="0" visitedMethods="1" numMethods="1" />
              <MetadataToken>100663317</MetadataToken>
              <Name>System.Void Poker.VerificadorDeJogo::.ctor(Poker.Jogador)</Name>
              <FileRef uid="12" />
              <SequencePoints>
                <SequencePoint vc="40" uspid="541" ordinal="0" offset="0" sl="13" sc="9" el="13" ec="50" bec="0" bev="0" fileid="12" />
                <SequencePoint vc="40" uspid="542" ordinal="1" offset="7" sl="14" sc="9" el="14" ec="10" bec="0" bev="0" fileid="12" />
                <SequencePoint vc="40" uspid="543" ordinal="2" offset="8" sl="15" sc="13" el="15" ec="36" bec="0" bev="0" fileid="12" />
                <SequencePoint vc="40" uspid="544" ordinal="3" offset="15" sl="16" sc="9" el="16" ec="10" bec="0" bev="0" fileid="12" />
              </SequencePoints>
              <BranchPoints />
              <MethodPoint xsi:type="SequencePoint" vc="40" uspid="541" ordinal="0" offset="0" sl="13" sc="9" el="13" ec="50" bec="0" bev="0" fileid="12" />
            </Method>
            <Method visited="true" cyclomaticComplexity="10" nPathComplexity="512" sequenceCoverage="100" branchCoverage="100" crapScore="10" isConstructor="false" isStatic="false" isGetter="false" isSetter="false">
              <Summary numSequencePoints="44" visitedSequencePoints="44" numBranchPoints="19" visitedBranchPoints="19" sequenceCoverage="100" branchCoverage="100" maxCyclomaticComplexity="10" minCyclomaticComplexity="10" maxCrapScore="10" minCrapScore="10" visitedClasses="0" numClasses="0" visitedMethods="1" numMethods="1" />
              <MetadataToken>100663318</MetadataToken>
              <Name>System.Double Poker.VerificadorDeJogo::Verificar()</Name>
              <FileRef uid="12" />
              <SequencePoints>
                <SequencePoint vc="28" uspid="545" ordinal="0" offset="0" sl="19" sc="9" el="19" ec="10" bec="0" bev="0" fileid="12" />
                <SequencePoint vc="28" uspid="546" ordinal="1" offset="1" sl="20" sc="13" el="20" ec="46" bec="2" bev="2" fileid="12" />
                <SequencePoint vc="1" uspid="547" ordinal="2" offset="30" sl="21" sc="13" el="21" ec="14" bec="0" bev="0" fileid="12" />
                <SequencePoint vc="1" uspid="548" ordinal="3" offset="31" sl="22" sc="17" el="22" ec="28" bec="0" bev="0" fileid="12" />
                <SequencePoint vc="27" uspid="549" ordinal="4" offset="46" sl="24" sc="18" el="24" ec="54" bec="2" bev="2" fileid="12" />
                <SequencePoint vc="2" uspid="550" ordinal="5" offset="75" sl="25" sc="13" el="25" ec="14" bec="0" bev="0" fileid="12" />
                <SequencePoint vc="2" uspid="551" ordinal="6" offset="76" sl="26" sc="17" el="26" ec="64" bec="0" bev="0" fileid="12" />
                <SequencePoint vc="2" uspid="552" ordinal="7" offset="88" sl="28" sc="17" el="28" ec="40" bec="0" bev="0" fileid="12" />
                <SequencePoint vc="25" uspid="553" ordinal="8" offset="105" sl="30" sc="18" el="30" ec="50" bec="2" bev="2" fileid="12" />
                <SequencePoint vc="2" uspid="554" ordinal="9" offset="125" sl="31" sc="13" el="31" ec="14" bec="0" bev="0" fileid="12" />
                <SequencePoint vc="2" uspid="555" ordinal="10" offset="126" sl="32" sc="17" el="32" ec="57" bec="0" bev="0" fileid="12" />
                <SequencePoint vc="2" uspid="556" ordinal="11" offset="139" sl="34" sc="17" el="34" ec="66" bec="0" bev="0" fileid="12" />
                <SequencePoint vc="2" uspid="557" ordinal="12" offset="154" sl="36" sc="17" el="36" ec="35" bec="0" bev="0" fileid="12" />
                <SequencePoint vc="23" uspid="558" ordinal="13" offset="172" sl="38" sc="18" el="38" ec="50" bec="2" bev="2" fileid="12" />
                <SequencePoint vc="4" uspid="559" ordinal="14" offset="203" sl="39" sc="13" el="39" ec="14" bec="0" bev="0" fileid="12" />
                <SequencePoint vc="4" uspid="560" ordinal="15" offset="204" sl="40" sc="17" el="40" ec="60" bec="0" bev="0" fileid="12" />
                <SequencePoint vc="4" uspid="561" ordinal="16" offset="217" sl="42" sc="17" el="42" ec="40" bec="0" bev="0" fileid="12" />
                <SequencePoint vc="19" uspid="562" ordinal="17" offset="235" sl="44" sc="18" el="44" ec="46" bec="2" bev="2" fileid="12" />
                <SequencePoint vc="3" uspid="563" ordinal="18" offset="266" sl="45" sc="13" el="45" ec="14" bec="0" bev="0" fileid="12" />
                <SequencePoint vc="3" uspid="564" ordinal="19" offset="267" sl="46" sc="17" el="46" ec="56" bec="0" bev="0" fileid="12" />
                <SequencePoint vc="3" uspid="565" ordinal="20" offset="280" sl="48" sc="17" el="48" ec="40" bec="0" bev="0" fileid="12" />
                <SequencePoint vc="16" uspid="566" ordinal="21" offset="298" sl="50" sc="18" el="50" ec="50" bec="2" bev="2" fileid="12" />
                <SequencePoint vc="2" uspid="567" ordinal="22" offset="329" sl="51" sc="13" el="51" ec="14" bec="0" bev="0" fileid="12" />
                <SequencePoint vc="2" uspid="568" ordinal="23" offset="330" sl="52" sc="17" el="52" ec="60" bec="0" bev="0" fileid="12" />
                <SequencePoint vc="2" uspid="569" ordinal="24" offset="343" sl="54" sc="17" el="54" ec="40" bec="0" bev="0" fileid="12" />
                <SequencePoint vc="14" uspid="570" ordinal="25" offset="361" sl="56" sc="18" el="56" ec="50" bec="2" bev="2" fileid="12" />
                <SequencePoint vc="3" uspid="571" ordinal="26" offset="381" sl="57" sc="13" el="57" ec="14" bec="0" bev="0" fileid="12" />
                <SequencePoint vc="3" uspid="572" ordinal="27" offset="382" sl="58" sc="17" el="58" ec="57" bec="0" bev="0" fileid="12" />
                <SequencePoint vc="3" uspid="573" ordinal="28" offset="395" sl="60" sc="17" el="60" ec="66" bec="0" bev="0" fileid="12" />
                <SequencePoint vc="3" uspid="574" ordinal="29" offset="410" sl="62" sc="17" el="62" ec="35" bec="0" bev="0" fileid="12" />
                <SequencePoint vc="11" uspid="575" ordinal="30" offset="428" sl="64" sc="18" el="64" ec="53" bec="2" bev="2" fileid="12" />
                <SequencePoint vc="2" uspid="576" ordinal="31" offset="448" sl="65" sc="13" el="65" ec="14" bec="0" bev="0" fileid="12" />
                <SequencePoint vc="2" uspid="577" ordinal="32" offset="449" sl="66" sc="17" el="66" ec="60" bec="0" bev="0" fileid="12" />
                <SequencePoint vc="2" uspid="578" ordinal="33" offset="462" sl="68" sc="17" el="68" ec="66" bec="0" bev="0" fileid="12" />
                <SequencePoint vc="2" uspid="579" ordinal="34" offset="477" sl="70" sc="17" el="70" ec="35" bec="0" bev="0" fileid="12" />
                <SequencePoint vc="9" uspid="580" ordinal="35" offset="492" sl="72" sc="18" el="72" ec="47" bec="2" bev="2" fileid="12" />
                <SequencePoint vc="5" uspid="581" ordinal="36" offset="513" sl="73" sc="13" el="73" ec="14" bec="0" bev="0" fileid="12" />
                <SequencePoint vc="5" uspid="582" ordinal="37" offset="514" sl="74" sc="17" el="74" ec="54" bec="0" bev="0" fileid="12" />
                <SequencePoint vc="5" uspid="583" ordinal="38" offset="528" sl="76" sc="17" el="76" ec="66" bec="0" bev="0" fileid="12" />
                <SequencePoint vc="5" uspid="584" ordinal="39" offset="543" sl="78" sc="17" el="78" ec="35" bec="0" bev="0" fileid="12" />
                <SequencePoint vc="4" uspid="585" ordinal="40" offset="558" sl="82" sc="13" el="82" ec="14" bec="0" bev="0" fileid="12" />
                <SequencePoint vc="4" uspid="586" ordinal="41" offset="559" sl="83" sc="17" el="83" ec="56" bec="0" bev="0" fileid="12" />
                <SequencePoint vc="4" uspid="587" ordinal="42" offset="572" sl="85" sc="17" el="85" ec="30" bec="0" bev="0" fileid="12" />
                <SequencePoint vc="28" uspid="588" ordinal="43" offset="577" sl="87" sc="9" el="87" ec="10" bec="0" bev="0" fileid="12" />
              </SequencePoints>
              <BranchPoints>
                <BranchPoint vc="1" uspid="589" ordinal="0" offset="28" sl="20" path="0" offsetend="30" fileid="12" />
                <BranchPoint vc="27" uspid="590" ordinal="1" offset="28" sl="20" path="1" offsetend="46" fileid="12" />
                <BranchPoint vc="2" uspid="591" ordinal="2" offset="73" sl="24" path="0" offsetend="75" fileid="12" />
                <BranchPoint vc="25" uspid="592" ordinal="3" offset="73" sl="24" path="1" offsetend="105" fileid="12" />
                <BranchPoint vc="2" uspid="593" ordinal="4" offset="123" sl="30" path="0" offsetend="125" fileid="12" />
                <BranchPoint vc="23" uspid="594" ordinal="5" offset="123" sl="30" path="1" offsetend="172" fileid="12" />
                <BranchPoint vc="4" uspid="595" ordinal="6" offset="201" sl="38" path="0" offsetend="203" fileid="12" />
                <BranchPoint vc="19" uspid="596" ordinal="7" offset="201" sl="38" path="1" offsetend="235" fileid="12" />
                <BranchPoint vc="3" uspid="597" ordinal="8" offset="264" sl="44" path="0" offsetend="266" fileid="12" />
                <BranchPoint vc="16" uspid="598" ordinal="9" offset="264" sl="44" path="1" offsetend="298" fileid="12" />
                <BranchPoint vc="2" uspid="599" ordinal="10" offset="327" sl="50" path="0" offsetend="329" fileid="12" />
                <BranchPoint vc="14" uspid="600" ordinal="11" offset="327" sl="50" path="1" offsetend="361" fileid="12" />
                <BranchPoint vc="3" uspid="601" ordinal="12" offset="379" sl="56" path="0" offsetend="381" fileid="12" />
                <BranchPoint vc="11" uspid="602" ordinal="13" offset="379" sl="56" path="1" offsetend="428" fileid="12" />
                <BranchPoint vc="2" uspid="603" ordinal="14" offset="446" sl="64" path="0" offsetend="448" fileid="12" />
                <BranchPoint vc="9" uspid="604" ordinal="15" offset="446" sl="64" path="1" offsetend="492" fileid="12" />
                <BranchPoint vc="5" uspid="605" ordinal="16" offset="511" sl="72" path="0" offsetend="513" fileid="12" />
                <BranchPoint vc="4" uspid="606" ordinal="17" offset="511" sl="72" path="1" offsetend="558" fileid="12" />
              </BranchPoints>
              <MethodPoint xsi:type="SequencePoint" vc="28" uspid="545" ordinal="0" offset="0" sl="19" sc="9" el="19" ec="10" bec="0" bev="0" fileid="12" />
            </Method>
          </Methods>
        </Class>
        <Class>
          <Summary numSequencePoints="0" visitedSequencePoints="0" numBranchPoints="0" visitedBranchPoints="0" sequenceCoverage="0" branchCoverage="0" maxCyclomaticComplexity="3" minCyclomaticComplexity="3" maxCrapScore="12" minCrapScore="12" visitedClasses="0" numClasses="0" visitedMethods="0" numMethods="0" />
          <FullName>&lt;PrivateImplementationDetails&gt;</FullName>
          <Methods>
            <Method visited="false" cyclomaticComplexity="3" nPathComplexity="0" sequenceCoverage="0" branchCoverage="0" crapScore="12" isConstructor="false" isStatic="true" isGetter="false" isSetter="false">
              <Summary numSequencePoints="0" visitedSequencePoints="0" numBranchPoints="0" visitedBranchPoints="0" sequenceCoverage="0" branchCoverage="0" maxCyclomaticComplexity="3" minCyclomaticComplexity="3" maxCrapScore="12" minCrapScore="12" visitedClasses="0" numClasses="0" visitedMethods="0" numMethods="0" />
              <MetadataToken>100663319</MetadataToken>
              <Name>System.UInt32 &lt;PrivateImplementationDetails&gt;::ComputeStringHash(System.String)</Name>
              <SequencePoints />
              <BranchPoints />
              <MethodPoint vc="0" uspid="607" ordinal="0" offset="0" />
            </Method>
          </Methods>
        </Class>
      </Classes>
    </Module>
  </Modules>
</CoverageSession>